#
# A fatal error has been detected by the Java Runtime Environment:
#
#  EXCEPTION_ACCESS_VIOLATION (0xc0000005) at pc=0x00007ffa96acfbdd, pid=9204, tid=28168
#
# JRE version: OpenJDK Runtime Environment (23.0.2+7) (build 23.0.2+7-58)
# Java VM: OpenJDK 64-Bit Server VM (23.0.2+7-58, mixed mode, sharing, tiered, compressed oops, compressed class ptrs, g1 gc, windows-amd64)
# Problematic frame:
# C  [lwjgl_opengl.dll+0xfbdd]
#
# No core dump will be written. Minidumps are not enabled by default on client versions of Windows
#
# If you would like to submit a bug report, please visit:
#   https://bugreport.java.com/bugreport/crash.jsp
# The crash happened outside the Java Virtual Machine in native code.
# See problematic frame for where to report the bug.
#

---------------  S U M M A R Y ------------

Command Line: -javaagent:D:\IntelliJ IDEA 2024.3.3\lib\idea_rt.jar=63436:D:\IntelliJ IDEA 2024.3.3\bin -Dfile.encoding=UTF-8 -Dsun.stdout.encoding=UTF-8 -Dsun.stderr.encoding=UTF-8 com.keras1n.test.Launcher

Host: AMD Ryzen 5 4600H with Radeon Graphics         , 12 cores, 15G,  Windows 11 , 64 bit Build 26100 (10.0.26100.3323)
Time: Mon Apr  7 21:10:36 2025  Windows 11 , 64 bit Build 26100 (10.0.26100.3323) elapsed time: 0.322671 seconds (0d 0h 0m 0s)

---------------  T H R E A D  ---------------

Current thread (0x000001335d9e8cd0):  JavaThread "main"             [_thread_in_native, id=28168, stack(0x0000001c32100000,0x0000001c32200000) (1024K)]

Stack: [0x0000001c32100000,0x0000001c32200000],  sp=0x0000001c321ff4d8,  free space=1021k
Native frames: (J=compiled Java code, j=interpreted, Vv=VM code, C=native code)
C  [lwjgl_opengl.dll+0xfbdd]  (no source info available)

Java frames: (J=compiled Java code, j=interpreted, Vv=VM code)
j  org.lwjgl.opengl.GL30C.nglGenVertexArrays(IJ)V+0
j  org.lwjgl.opengl.GL30C.glGenVertexArrays()I+20
j  org.lwjgl.opengl.GL30.glGenVertexArrays()I+0
j  com.keras1n.core.ObjectLoader.createVao()I+0
j  com.keras1n.core.ObjectLoader.loadModel([F[F[I)Lcom/keras1n/core/entity/Model;+1
j  com.keras1n.core.ObjectLoader.createFlatTerrain(FF)Lcom/keras1n/core/entity/Entity;+145
j  com.keras1n.test.TestGame.<init>()V+64
j  com.keras1n.test.Launcher.main([Ljava/lang/String;)V+22
v  ~StubRoutines::call_stub 0x000001336d650fcd

siginfo: EXCEPTION_ACCESS_VIOLATION (0xc0000005), reading address 0x00000000000013c8


Registers:
RAX=0x00000133455a74d0, RBX=0x0000013341574c18, RCX=0x0000000000000001, RDX=0x000001334576e8cc
RSP=0x0000001c321ff4d8, RBP=0x0000001c321ff568, RSI=0x000001334138daa0, RDI=0x0000000000000668
R8 =0x0000000000000001, R9 =0x000001334576e8cc, R10=0x0000000000000000, R11=0x0000000718379680
R12=0x0000000000000000, R13=0x0000013341574c18, R14=0x0000001c321ff598, R15=0x000001335d9e8cd0
RIP=0x00007ffa96acfbdd, EFLAGS=0x0000000000010206


Register to memory mapping:

RAX=0x00000133455a74d0 points into unknown readable memory: 0x0000000000000000 | 00 00 00 00 00 00 00 00
RBX={method} {0x0000013341574c20} 'nglGenVertexArrays' '(IJ)V' in 'org/lwjgl/opengl/GL30C'
RCX=0x0000000000000001 is an unknown value
RDX=0x000001334576e8cc points into unknown readable memory: 00 00 00 00
RSP=0x0000001c321ff4d8 is pointing into the stack for thread: 0x000001335d9e8cd0
RBP=0x0000001c321ff568 is pointing into the stack for thread: 0x000001335d9e8cd0
RSI=0x000001334138daa0 is pointing into metadata
RDI=0x0000000000000668 is an unknown value
R8 =0x0000000000000001 is an unknown value
R9 =0x000001334576e8cc points into unknown readable memory: 00 00 00 00
R10=0x0 is null
R11=0x0000000718379680 is an oop: java.lang.Class 
{0x0000000718379680} - klass: 'java/lang/Class'
 - ---- fields (total size 130 words):
 - private volatile transient 'classRedefinedCount' 'I' @12  0 (0x00000000)
 - injected 'klass' 'J' @16  1318572549408 (0x00000133010c6520)
 - injected 'array_klass' 'J' @24  0 (0x0000000000000000)
 - injected 'oop_size' 'I' @32  130 (0x00000082)
 - injected 'static_oop_field_count' 'I' @36  0 (0x00000000)
 - private volatile transient 'cachedConstructor' 'Ljava/lang/reflect/Constructor;' @40  null (0x00000000)
 - private transient 'name' 'Ljava/lang/String;' @44  "org.lwjgl.opengl.GL30C"{0x0000000718379aa0} (0xe306f354)
 - private transient 'module' 'Ljava/lang/Module;' @48  a 'java/lang/Module'{0x0000000718a6b648} (0xe314d6c9)
 - private final 'classLoader' 'Ljava/lang/ClassLoader;' @52  a 'jdk/internal/loader/ClassLoaders$AppClassLoader'{0x0000000718a6b488} (0xe314d691)
 - private transient 'classData' 'Ljava/lang/Object;' @56  null (0x00000000)
 - private transient 'packageName' 'Ljava/lang/String;' @60  "org.lwjgl.opengl"{0x00000007189e65b0} (0xe313ccb6)
 - private final 'componentType' 'Ljava/lang/Class;' @64  null (0x00000000)
 - private volatile transient 'reflectionData' 'Ljava/lang/ref/SoftReference;' @68  null (0x00000000)
 - private volatile transient 'genericInfo' 'Lsun/reflect/generics/repository/ClassRepository;' @72  null (0x00000000)
 - private volatile transient 'enumConstants' '[Ljava/lang/Object;' @76  null (0x00000000)
 - private volatile transient 'enumConstantDirectory' 'Ljava/util/Map;' @80  null (0x00000000)
 - private volatile transient 'annotationData' 'Ljava/lang/Class$AnnotationData;' @84  null (0x00000000)
 - private volatile transient 'annotationType' 'Lsun/reflect/annotation/AnnotationType;' @88  null (0x00000000)
 - transient 'classValueMap' 'Ljava/lang/ClassValue$ClassValueMap;' @92  null (0x00000000)
 - injected 'protection_domain' 'Ljava/lang/Object;' @96  a 'java/security/ProtectionDomain'{0x00000007189f9be8} (0xe313f37d)
 - injected 'signers_name' 'Ljava/lang/Object;' @100  null (0x00000000)
 - injected 'source_file' 'Ljava/lang/Object;' @104  null (0x00000000)
 - injected '<init_lock>' 'Ljava/lang/Object;' @108  null (0x00000000)
 - signature: Lorg/lwjgl/opengl/GL30C;
 - ---- static fields (0):
 - public static final 'GL_MAJOR_VERSION' 'I' @112  33307 (0x0000821b)
 - public static final 'GL_MINOR_VERSION' 'I' @116  33308 (0x0000821c)
 - public static final 'GL_NUM_EXTENSIONS' 'I' @120  33309 (0x0000821d)
 - public static final 'GL_CONTEXT_FLAGS' 'I' @124  33310 (0x0000821e)
 - public static final 'GL_CONTEXT_FLAG_FORWARD_COMPATIBLE_BIT' 'I' @128  1 (0x00000001)
 - public static final 'GL_COMPARE_REF_TO_TEXTURE' 'I' @132  34894 (0x0000884e)
 - public static final 'GL_CLIP_DISTANCE0' 'I' @136  12288 (0x00003000)
 - public static final 'GL_CLIP_DISTANCE1' 'I' @140  12289 (0x00003001)
 - public static final 'GL_CLIP_DISTANCE2' 'I' @144  12290 (0x00003002)
 - public static final 'GL_CLIP_DISTANCE3' 'I' @148  12291 (0x00003003)
 - public static final 'GL_CLIP_DISTANCE4' 'I' @152  12292 (0x00003004)
 - public static final 'GL_CLIP_DISTANCE5' 'I' @156  12293 (0x00003005)
 - public static final 'GL_CLIP_DISTANCE6' 'I' @160  12294 (0x00003006)
 - public static final 'GL_CLIP_DISTANCE7' 'I' @164  12295 (0x00003007)
 - public static final 'GL_MAX_CLIP_DISTANCES' 'I' @168  3378 (0x00000d32)
 - public static final 'GL_MAX_VARYING_COMPONENTS' 'I' @172  35659 (0x00008b4b)
 - public static final 'GL_VERTEX_ATTRIB_ARRAY_INTEGER' 'I' @176  35069 (0x000088fd)
 - public static final 'GL_SAMPLER_1D_ARRAY' 'I' @180  36288 (0x00008dc0)
 - public static final 'GL_SAMPLER_2D_ARRAY' 'I' @184  36289 (0x00008dc1)
 - public static final 'GL_SAMPLER_1D_ARRAY_SHADOW' 'I' @188  36291 (0x00008dc3)
 - public static final 'GL_SAMPLER_2D_ARRAY_SHADOW' 'I' @192  36292 (0x00008dc4)
 - public static final 'GL_SAMPLER_CUBE_SHADOW' 'I' @196  36293 (0x00008dc5)
 - public static final 'GL_UNSIGNED_INT_VEC2' 'I' @200  36294 (0x00008dc6)
 - public static final 'GL_UNSIGNED_INT_VEC3' 'I' @204  36295 (0x00008dc7)
 - public static final 'GL_UNSIGNED_INT_VEC4' 'I' @208  36296 (0x00008dc8)
 - public static final 'GL_INT_SAMPLER_1D' 'I' @212  36297 (0x00008dc9)
 - public static final 'GL_INT_SAMPLER_2D' 'I' @216  36298 (0x00008dca)
 - public static final 'GL_INT_SAMPLER_3D' 'I' @220  36299 (0x00008dcb)
 - public static final 'GL_INT_SAMPLER_CUBE' 'I' @224  36300 (0x00008dcc)
 - public static final 'GL_INT_SAMPLER_1D_ARRAY' 'I' @228  36302 (0x00008dce)
 - public static final 'GL_INT_SAMPLER_2D_ARRAY' 'I' @232  36303 (0x00008dcf)
 - public static final 'GL_UNSIGNED_INT_SAMPLER_1D' 'I' @236  36305 (0x00008dd1)
 - public static final 'GL_UNSIGNED_INT_SAMPLER_2D' 'I' @240  36306 (0x00008dd2)
 - public static final 'GL_UNSIGNED_INT_SAMPLER_3D' 'I' @244  36307 (0x00008dd3)
 - public static final 'GL_UNSIGNED_INT_SAMPLER_CUBE' 'I' @248  36308 (0x00008dd4)
 - public static final 'GL_UNSIGNED_INT_SAMPLER_1D_ARRAY' 'I' @252  36310 (0x00008dd6)
 - public static final 'GL_UNSIGNED_INT_SAMPLER_2D_ARRAY' 'I' @256  36311 (0x00008dd7)
 - public static final 'GL_MIN_PROGRAM_TEXEL_OFFSET' 'I' @260  35076 (0x00008904)
 - public static final 'GL_MAX_PROGRAM_TEXEL_OFFSET' 'I' @264  35077 (0x00008905)
 - public static final 'GL_QUERY_WAIT' 'I' @268  36371 (0x00008e13)
 - public static final 'GL_QUERY_NO_WAIT' 'I' @272  36372 (0x00008e14)
 - public static final 'GL_QUERY_BY_REGION_WAIT' 'I' @276  36373 (0x00008e15)
 - public static final 'GL_QUERY_BY_REGION_NO_WAIT' 'I' @280  36374 (0x00008e16)
 - public static final 'GL_MAP_READ_BIT' 'I' @284  1 (0x00000001)
 - public static final 'GL_MAP_WRITE_BIT' 'I' @288  2 (0x00000002)
 - public static final 'GL_MAP_INVALIDATE_RANGE_BIT' 'I' @292  4 (0x00000004)
 - public static final 'GL_MAP_INVALIDATE_BUFFER_BIT' 'I' @296  8 (0x00000008)
 - public static final 'GL_MAP_FLUSH_EXPLICIT_BIT' 'I' @300  16 (0x00000010)
 - public static final 'GL_MAP_UNSYNCHRONIZED_BIT' 'I' @304  32 (0x00000020)
 - public static final 'GL_BUFFER_ACCESS_FLAGS' 'I' @308  37151 (0x0000911f)
 - public static final 'GL_BUFFER_MAP_LENGTH' 'I' @312  37152 (0x00009120)
 - public static final 'GL_BUFFER_MAP_OFFSET' 'I' @316  37153 (0x00009121)
 - public static final 'GL_CLAMP_READ_COLOR' 'I' @320  35100 (0x0000891c)
 - public static final 'GL_FIXED_ONLY' 'I' @324  35101 (0x0000891d)
 - public static final 'GL_DEPTH_COMPONENT32F' 'I' @328  36012 (0x00008cac)
 - public static final 'GL_DEPTH32F_STENCIL8' 'I' @332  36013 (0x00008cad)
 - public static final 'GL_FLOAT_32_UNSIGNED_INT_24_8_REV' 'I' @336  36269 (0x00008dad)
 - public static final 'GL_TEXTURE_RED_TYPE' 'I' @340  35856 (0x00008c10)
 - public static final 'GL_TEXTURE_GREEN_TYPE' 'I' @344  35857 (0x00008c11)
 - public static final 'GL_TEXTURE_BLUE_TYPE' 'I' @348  35858 (0x00008c12)
 - public static final 'GL_TEXTURE_ALPHA_TYPE' 'I' @352  35859 (0x00008c13)
 - public static final 'GL_TEXTURE_DEPTH_TYPE' 'I' @356  35862 (0x00008c16)
 - public static final 'GL_UNSIGNED_NORMALIZED' 'I' @360  35863 (0x00008c17)
 - public static final 'GL_RGBA32F' 'I' @364  34836 (0x00008814)
 - public static final 'GL_RGB32F' 'I' @368  34837 (0x00008815)
 - public static final 'GL_RGBA16F' 'I' @372  34842 (0x0000881a)
 - public static final 'GL_RGB16F' 'I' @376  34843 (0x0000881b)
 - public static final 'GL_R11F_G11F_B10F' 'I' @380  35898 (0x00008c3a)
 - public static final 'GL_UNSIGNED_INT_10F_11F_11F_REV' 'I' @384  35899 (0x00008c3b)
 - public static final 'GL_RGB9_E5' 'I' @388  35901 (0x00008c3d)
 - public static final 'GL_UNSIGNED_INT_5_9_9_9_REV' 'I' @392  35902 (0x00008c3e)
 - public static final 'GL_TEXTURE_SHARED_SIZE' 'I' @396  35903 (0x00008c3f)
 - public static final 'GL_FRAMEBUFFER' 'I' @400  36160 (0x00008d40)
 - public static final 'GL_READ_FRAMEBUFFER' 'I' @404  36008 (0x00008ca8)
 - public static final 'GL_DRAW_FRAMEBUFFER' 'I' @408  36009 (0x00008ca9)
 - public static final 'GL_RENDERBUFFER' 'I' @412  36161 (0x00008d41)
 - public static final 'GL_STENCIL_INDEX1' 'I' @416  36166 (0x00008d46)
 - public static final 'GL_STENCIL_INDEX4' 'I' @420  36167 (0x00008d47)
 - public static final 'GL_STENCIL_INDEX8' 'I' @424  36168 (0x00008d48)
 - public static final 'GL_STENCIL_INDEX16' 'I' @428  36169 (0x00008d49)
 - public static final 'GL_RENDERBUFFER_WIDTH' 'I' @432  36162 (0x00008d42)
 - public static final 'GL_RENDERBUFFER_HEIGHT' 'I' @436  36163 (0x00008d43)
 - public static final 'GL_RENDERBUFFER_INTERNAL_FORMAT' 'I' @440  36164 (0x00008d44)
 - public static final 'GL_RENDERBUFFER_RED_SIZE' 'I' @444  36176 (0x00008d50)
 - public static final 'GL_RENDERBUFFER_GREEN_SIZE' 'I' @448  36177 (0x00008d51)
 - public static final 'GL_RENDERBUFFER_BLUE_SIZE' 'I' @452  36178 (0x00008d52)
 - public static final 'GL_RENDERBUFFER_ALPHA_SIZE' 'I' @456  36179 (0x00008d53)
 - public static final 'GL_RENDERBUFFER_DEPTH_SIZE' 'I' @460  36180 (0x00008d54)
 - public static final 'GL_RENDERBUFFER_STENCIL_SIZE' 'I' @464  36181 (0x00008d55)
 - public static final 'GL_RENDERBUFFER_SAMPLES' 'I' @468  36011 (0x00008cab)
 - public static final 'GL_FRAMEBUFFER_ATTACHMENT_OBJECT_TYPE' 'I' @472  36048 (0x00008cd0)
 - public static final 'GL_FRAMEBUFFER_ATTACHMENT_OBJECT_NAME' 'I' @476  36049 (0x00008cd1)
 - public static final 'GL_FRAMEBUFFER_ATTACHMENT_TEXTURE_LEVEL' 'I' @480  36050 (0x00008cd2)
 - public static final 'GL_FRAMEBUFFER_ATTACHMENT_TEXTURE_CUBE_MAP_FACE' 'I' @484  36051 (0x00008cd3)
 - public static final 'GL_FRAMEBUFFER_ATTACHMENT_TEXTURE_LAYER' 'I' @488  36052 (0x00008cd4)
 - public static final 'GL_FRAMEBUFFER_ATTACHMENT_COLOR_ENCODING' 'I' @492  33296 (0x00008210)
 - public static final 'GL_FRAMEBUFFER_ATTACHMENT_COMPONENT_TYPE' 'I' @496  33297 (0x00008211)
 - public static final 'GL_FRAMEBUFFER_ATTACHMENT_RED_SIZE' 'I' @500  33298 (0x00008212)
 - public static final 'GL_FRAMEBUFFER_ATTACHMENT_GREEN_SIZE' 'I' @504  33299 (0x00008213)
 - public static final 'GL_FRAMEBUFFER_ATTACHMENT_BLUE_SIZE' 'I' @508  33300 (0x00008214)
 - public static final 'GL_FRAMEBUFFER_ATTACHMENT_ALPHA_SIZE' 'I' @512  33301 (0x00008215)
 - public static final 'GL_FRAMEBUFFER_ATTACHMENT_DEPTH_SIZE' 'I' @516  33302 (0x00008216)
 - public static final 'GL_FRAMEBUFFER_ATTACHMENT_STENCIL_SIZE' 'I' @520  33303 (0x00008217)
 - public static final 'GL_FRAMEBUFFER_DEFAULT' 'I' @524  33304 (0x00008218)
 - public static final 'GL_COLOR_ATTACHMENT0' 'I' @528  36064 (0x00008ce0)
 - public static final 'GL_COLOR_ATTACHMENT1' 'I' @532  36065 (0x00008ce1)
 - public static final 'GL_COLOR_ATTACHMENT2' 'I' @536  36066 (0x00008ce2)
 - public static final 'GL_COLOR_ATTACHMENT3' 'I' @540  36067 (0x00008ce3)
 - public static final 'GL_COLOR_ATTACHMENT4' 'I' @544  36068 (0x00008ce4)
 - public static final 'GL_COLOR_ATTACHMENT5' 'I' @548  36069 (0x00008ce5)
 - public static final 'GL_COLOR_ATTACHMENT6' 'I' @552  36070 (0x00008ce6)
 - public static final 'GL_COLOR_ATTACHMENT7' 'I' @556  36071 (0x00008ce7)
 - public static final 'GL_COLOR_ATTACHMENT8' 'I' @560  36072 (0x00008ce8)
 - public static final 'GL_COLOR_ATTACHMENT9' 'I' @564  36073 (0x00008ce9)
 - public static final 'GL_COLOR_ATTACHMENT10' 'I' @568  36074 (0x00008cea)
 - public static final 'GL_COLOR_ATTACHMENT11' 'I' @572  36075 (0x00008ceb)
 - public static final 'GL_COLOR_ATTACHMENT12' 'I' @576  36076 (0x00008cec)
 - public static final 'GL_COLOR_ATTACHMENT13' 'I' @580  36077 (0x00008ced)
 - public static final 'GL_COLOR_ATTACHMENT14' 'I' @584  36078 (0x00008cee)
 - public static final 'GL_COLOR_ATTACHMENT15' 'I' @588  36079 (0x00008cef)
 - public static final 'GL_COLOR_ATTACHMENT16' 'I' @592  36080 (0x00008cf0)
 - public static final 'GL_COLOR_ATTACHMENT17' 'I' @596  36081 (0x00008cf1)
 - public static final 'GL_COLOR_ATTACHMENT18' 'I' @600  36082 (0x00008cf2)
 - public static final 'GL_COLOR_ATTACHMENT19' 'I' @604  36083 (0x00008cf3)
 - public static final 'GL_COLOR_ATTACHMENT20' 'I' @608  36084 (0x00008cf4)
 - public static final 'GL_COLOR_ATTACHMENT21' 'I' @612  36085 (0x00008cf5)
 - public static final 'GL_COLOR_ATTACHMENT22' 'I' @616  36086 (0x00008cf6)
 - public static final 'GL_COLOR_ATTACHMENT23' 'I' @620  36087 (0x00008cf7)
 - public static final 'GL_COLOR_ATTACHMENT24' 'I' @624  36088 (0x00008cf8)
 - public static final 'GL_COLOR_ATTACHMENT25' 'I' @628  36089 (0x00008cf9)
 - public static final 'GL_COLOR_ATTACHMENT26' 'I' @632  36090 (0x00008cfa)
 - public static final 'GL_COLOR_ATTACHMENT27' 'I' @636  36091 (0x00008cfb)
 - public static final 'GL_COLOR_ATTACHMENT28' 'I' @640  36092 (0x00008cfc)
 - public static final 'GL_COLOR_ATTACHMENT29' 'I' @644  36093 (0x00008cfd)
 - public static final 'GL_COLOR_ATTACHMENT30' 'I' @648  36094 (0x00008cfe)
 - public static final 'GL_COLOR_ATTACHMENT31' 'I' @652  36095 (0x00008cff)
 - public static final 'GL_DEPTH_ATTACHMENT' 'I' @656  36096 (0x00008d00)
 - public static final 'GL_STENCIL_ATTACHMENT' 'I' @660  36128 (0x00008d20)
 - public static final 'GL_DEPTH_STENCIL_ATTACHMENT' 'I' @664  33306 (0x0000821a)
 - public static final 'GL_MAX_SAMPLES' 'I' @668  36183 (0x00008d57)
 - public static final 'GL_FRAMEBUFFER_COMPLETE' 'I' @672  36053 (0x00008cd5)
 - public static final 'GL_FRAMEBUFFER_INCOMPLETE_ATTACHMENT' 'I' @676  36054 (0x00008cd6)
 - public static final 'GL_FRAMEBUFFER_INCOMPLETE_MISSING_ATTACHMENT' 'I' @680  36055 (0x00008cd7)
 - public static final 'GL_FRAMEBUFFER_INCOMPLETE_DRAW_BUFFER' 'I' @684  36059 (0x00008cdb)
 - public static final 'GL_FRAMEBUFFER_INCOMPLETE_READ_BUFFER' 'I' @688  36060 (0x00008cdc)
 - public static final 'GL_FRAMEBUFFER_UNSUPPORTED' 'I' @692  36061 (0x00008cdd)
 - public static final 'GL_FRAMEBUFFER_INCOMPLETE_MULTISAMPLE' 'I' @696  36182 (0x00008d56)
 - public static final 'GL_FRAMEBUFFER_UNDEFINED' 'I' @700  33305 (0x00008219)
 - public static final 'GL_FRAMEBUFFER_BINDING' 'I' @704  36006 (0x00008ca6)
 - public static final 'GL_DRAW_FRAMEBUFFER_BINDING' 'I' @708  36006 (0x00008ca6)
 - public static final 'GL_READ_FRAMEBUFFER_BINDING' 'I' @712  36010 (0x00008caa)
 - public static final 'GL_RENDERBUFFER_BINDING' 'I' @716  36007 (0x00008ca7)
 - public static final 'GL_MAX_COLOR_ATTACHMENTS' 'I' @720  36063 (0x00008cdf)
 - public static final 'GL_MAX_RENDERBUFFER_SIZE' 'I' @724  34024 (0x000084e8)
 - public static final 'GL_INVALID_FRAMEBUFFER_OPERATION' 'I' @728  1286 (0x00000506)
 - public static final 'GL_DEPTH_STENCIL' 'I' @732  34041 (0x000084f9)
 - public static final 'GL_UNSIGNED_INT_24_8' 'I' @736  34042 (0x000084fa)
 - public static final 'GL_DEPTH24_STENCIL8' 'I' @740  35056 (0x000088f0)
 - public static final 'GL_TEXTURE_STENCIL_SIZE' 'I' @744  35057 (0x000088f1)
 - public static final 'GL_HALF_FLOAT' 'I' @748  5131 (0x0000140b)
 - public static final 'GL_RGBA32UI' 'I' @752  36208 (0x00008d70)
 - public static final 'GL_RGB32UI' 'I' @756  36209 (0x00008d71)
 - public static final 'GL_RGBA16UI' 'I' @760  36214 (0x00008d76)
 - public static final 'GL_RGB16UI' 'I' @764  36215 (0x00008d77)
 - public static final 'GL_RGBA8UI' 'I' @768  36220 (0x00008d7c)
 - public static final 'GL_RGB8UI' 'I' @772  36221 (0x00008d7d)
 - public static final 'GL_RGBA32I' 'I' @776  36226 (0x00008d82)
 - public static final 'GL_RGB32I' 'I' @780  36227 (0x00008d83)
 - public static final 'GL_RGBA16I' 'I' @784  36232 (0x00008d88)
 - public static final 'GL_RGB16I' 'I' @788  36233 (0x00008d89)
 - public static final 'GL_RGBA8I' 'I' @792  36238 (0x00008d8e)
 - public static final 'GL_RGB8I' 'I' @796  36239 (0x00008d8f)
 - public static final 'GL_RED_INTEGER' 'I' @800  36244 (0x00008d94)
 - public static final 'GL_GREEN_INTEGER' 'I' @804  36245 (0x00008d95)
 - public static final 'GL_BLUE_INTEGER' 'I' @808  36246 (0x00008d96)
 - public static final 'GL_RGB_INTEGER' 'I' @812  36248 (0x00008d98)
 - public static final 'GL_RGBA_INTEGER' 'I' @816  36249 (0x00008d99)
 - public static final 'GL_BGR_INTEGER' 'I' @820  36250 (0x00008d9a)
 - public static final 'GL_BGRA_INTEGER' 'I' @824  36251 (0x00008d9b)
 - public static final 'GL_TEXTURE_1D_ARRAY' 'I' @828  35864 (0x00008c18)
 - public static final 'GL_TEXTURE_2D_ARRAY' 'I' @832  35866 (0x00008c1a)
 - public static final 'GL_PROXY_TEXTURE_2D_ARRAY' 'I' @836  35867 (0x00008c1b)
 - public static final 'GL_PROXY_TEXTURE_1D_ARRAY' 'I' @840  35865 (0x00008c19)
 - public static final 'GL_TEXTURE_BINDING_1D_ARRAY' 'I' @844  35868 (0x00008c1c)
 - public static final 'GL_TEXTURE_BINDING_2D_ARRAY' 'I' @848  35869 (0x00008c1d)
 - public static final 'GL_MAX_ARRAY_TEXTURE_LAYERS' 'I' @852  35071 (0x000088ff)
 - public static final 'GL_COMPRESSED_RED_RGTC1' 'I' @856  36283 (0x00008dbb)
 - public static final 'GL_COMPRESSED_SIGNED_RED_RGTC1' 'I' @860  36284 (0x00008dbc)
 - public static final 'GL_COMPRESSED_RG_RGTC2' 'I' @864  36285 (0x00008dbd)
 - public static final 'GL_COMPRESSED_SIGNED_RG_RGTC2' 'I' @868  36286 (0x00008dbe)
 - public static final 'GL_R8' 'I' @872  33321 (0x00008229)
 - public static final 'GL_R16' 'I' @876  33322 (0x0000822a)
 - public static final 'GL_RG8' 'I' @880  33323 (0x0000822b)
 - public static final 'GL_RG16' 'I' @884  33324 (0x0000822c)
 - public static final 'GL_R16F' 'I' @888  33325 (0x0000822d)
 - public static final 'GL_R32F' 'I' @892  33326 (0x0000822e)
 - public static final 'GL_RG16F' 'I' @896  33327 (0x0000822f)
 - public static final 'GL_RG32F' 'I' @900  33328 (0x00008230)
 - public static final 'GL_R8I' 'I' @904  33329 (0x00008231)
 - public static final 'GL_R8UI' 'I' @908  33330 (0x00008232)
 - public static final 'GL_R16I' 'I' @912  33331 (0x00008233)
 - public static final 'GL_R16UI' 'I' @916  33332 (0x00008234)
 - public static final 'GL_R32I' 'I' @920  33333 (0x00008235)
 - public static final 'GL_R32UI' 'I' @924  33334 (0x00008236)
 - public static final 'GL_RG8I' 'I' @928  33335 (0x00008237)
 - public static final 'GL_RG8UI' 'I' @932  33336 (0x00008238)
 - public static final 'GL_RG16I' 'I' @936  33337 (0x00008239)
 - public static final 'GL_RG16UI' 'I' @940  33338 (0x0000823a)
 - public static final 'GL_RG32I' 'I' @944  33339 (0x0000823b)
 - public static final 'GL_RG32UI' 'I' @948  33340 (0x0000823c)
 - public static final 'GL_RG' 'I' @952  33319 (0x00008227)
 - public static final 'GL_COMPRESSED_RED' 'I' @956  33317 (0x00008225)
 - public static final 'GL_COMPRESSED_RG' 'I' @960  33318 (0x00008226)
 - public static final 'GL_RG_INTEGER' 'I' @964  33320 (0x00008228)
 - public static final 'GL_TRANSFORM_FEEDBACK_BUFFER' 'I' @968  35982 (0x00008c8e)
 - public static final 'GL_TRANSFORM_FEEDBACK_BUFFER_START' 'I' @972  35972 (0x00008c84)
 - public static final 'GL_TRANSFORM_FEEDBACK_BUFFER_SIZE' 'I' @976  35973 (0x00008c85)
 - public static final 'GL_TRANSFORM_FEEDBACK_BUFFER_BINDING' 'I' @980  35983 (0x00008c8f)
 - public static final 'GL_INTERLEAVED_ATTRIBS' 'I' @984  35980 (0x00008c8c)
 - public static final 'GL_SEPARATE_ATTRIBS' 'I' @988  35981 (0x00008c8d)
 - public static final 'GL_PRIMITIVES_GENERATED' 'I' @992  35975 (0x00008c87)
 - public static final 'GL_TRANSFORM_FEEDBACK_PRIMITIVES_WRITTEN' 'I' @996  35976 (0x00008c88)
 - public static final 'GL_RASTERIZER_DISCARD' 'I' @1000  35977 (0x00008c89)
 - public static final 'GL_MAX_TRANSFORM_FEEDBACK_INTERLEAVED_COMPONENTS' 'I' @1004  35978 (0x00008c8a)
 - public static final 'GL_MAX_TRANSFORM_FEEDBACK_SEPARATE_ATTRIBS' 'I' @1008  35979 (0x00008c8b)
 - public static final 'GL_MAX_TRANSFORM_FEEDBACK_SEPARATE_COMPONENTS' 'I' @1012  35968 (0x00008c80)
 - public static final 'GL_TRANSFORM_FEEDBACK_VARYINGS' 'I' @1016  35971 (0x00008c83)
 - public static final 'GL_TRANSFORM_FEEDBACK_BUFFER_MODE' 'I' @1020  35967 (0x00008c7f)
 - public static final 'GL_TRANSFORM_FEEDBACK_VARYING_MAX_LENGTH' 'I' @1024  35958 (0x00008c76)
 - public static final 'GL_VERTEX_ARRAY_BINDING' 'I' @1028  34229 (0x000085b5)
 - public static final 'GL_FRAMEBUFFER_SRGB' 'I' @1032  36281 (0x00008db9)
R12=0x0 is null
R13={method} {0x0000013341574c20} 'nglGenVertexArrays' '(IJ)V' in 'org/lwjgl/opengl/GL30C'
R14=0x0000001c321ff598 is pointing into the stack for thread: 0x000001335d9e8cd0
R15=0x000001335d9e8cd0 is a thread

Top of Stack: (sp=0x0000001c321ff4d8)
0x0000001c321ff4d8:   000001336d65d207 0000000000000668
0x0000001c321ff4e8:   000001336d65cede 0000013341574c18
0x0000001c321ff4f8:   000001334138daa0 0000001c321ff518
0x0000001c321ff508:   0000001c321ff580 000001336d6587f6
0x0000001c321ff518:   000001336d65ce9b fffffffffffffff7
0x0000001c321ff528:   0000013341574c18 0000000000000006
0x0000001c321ff538:   00000133415a9f88 0000000000000000
0x0000001c321ff548:   0000000718379680 0000013341574c18
0x0000001c321ff558:   0000000000000000 0000001c321ff588
0x0000001c321ff568:   0000001c321ff5e8 000001336d658700
0x0000001c321ff578:   0000000718379680 000001336d65a5d7
0x0000001c321ff588:   000001334576e8cc 0000000000000000
0x0000001c321ff598:   0000000000000001 fffffffffffffff7
0x0000001c321ff5a8:   0000013341574d9c 0000000000000006
0x0000001c321ff5b8:   00000133415a9f88 0000000000000000
0x0000001c321ff5c8:   0000000718379680 0000013341574e08
0x0000001c321ff5d8:   fffffffffffffff4 0000001c321ff620
0x0000001c321ff5e8:   0000001c321ff668 000001336d658848
0x0000001c321ff5f8:   0000000000000000 0000000000000000
0x0000001c321ff608:   00000007183feb08 0000000000010000
0x0000001c321ff618:   000000071824dd50 fffffffffffffff7
0x0000001c321ff628:   0000013341478b58 0000000000000001
0x0000001c321ff638:   00000133414e1208 0000000000000000
0x0000001c321ff648:   0000000718684f80 0000013341478b70
0x0000001c321ff658:   fffffffffffffff7 0000001c321ff678
0x0000001c321ff668:   0000001c321ff6c0 000001336d658848
0x0000001c321ff678:   fffffffffffffff7 000001334145d1a0
0x0000001c321ff688:   0000000000000003 000001334145e070
0x0000001c321ff698:   0000000000000000 00000007189bf170
0x0000001c321ff6a8:   000001334145d1e0 fffffffffffffff7
0x0000001c321ff6b8:   0000001c321ff6d8 0000001c321ff728
0x0000001c321ff6c8:   000001336d658848 0000000000000000 

Instructions: (pc=0x00007ffa96acfbdd)
0x00007ffa96acfadd:   98 13 00 00 cc cc cc cc cc cc cc cc cc cc cc cc
0x00007ffa96acfaed:   cc cc cc 48 8b 01 48 8b 48 18 48 ff a1 a0 13 00
0x00007ffa96acfafd:   00 cc cc 40 53 48 8b 01 41 8b d8 4c 8b 44 24 30
0x00007ffa96acfb0d:   41 8b d1 44 8b 4c 24 38 8b cb 4c 8b 50 18 5b 49
0x00007ffa96acfb1d:   ff a2 a8 13 00 00 cc cc cc cc cc cc cc cc cc cc
0x00007ffa96acfb2d:   cc cc cc 40 53 48 83 ec 40 48 8b 01 41 8b d8 44
0x00007ffa96acfb3d:   8b 44 24 70 41 8b d1 4c 8b 4c 24 78 8b cb 4c 8b
0x00007ffa96acfb4d:   50 18 48 8b 84 24 90 00 00 00 48 89 44 24 30 48
0x00007ffa96acfb5d:   8b 84 24 88 00 00 00 48 89 44 24 28 48 8b 84 24
0x00007ffa96acfb6d:   80 00 00 00 48 89 44 24 20 41 ff 92 b0 13 00 00
0x00007ffa96acfb7d:   48 83 c4 40 5b c3 cc cc cc cc cc cc cc cc cc cc
0x00007ffa96acfb8d:   cc cc cc 48 8b 01 41 8b c8 48 8b 50 18 48 ff a2
0x00007ffa96acfb9d:   b8 13 00 00 cc cc cc cc cc cc cc cc cc cc cc cc
0x00007ffa96acfbad:   cc cc cc 48 8b 01 49 8b d1 41 8b c8 4c 8b 50 18
0x00007ffa96acfbbd:   49 ff a2 c0 13 00 00 cc cc cc cc cc cc cc cc cc
0x00007ffa96acfbcd:   cc cc cc 48 8b 01 49 8b d1 41 8b c8 4c 8b 50 18
0x00007ffa96acfbdd:   49 ff a2 c8 13 00 00 cc cc cc cc cc cc cc cc cc
0x00007ffa96acfbed:   cc cc cc 48 8b 01 48 8b 48 18 48 8b 81 d0 13 00
0x00007ffa96acfbfd:   00 41 8b c8 48 ff e0 cc cc cc cc cc cc cc cc cc
0x00007ffa96acfc0d:   cc cc cc 40 53 48 8b 01 41 8b d8 44 8b 44 24 30
0x00007ffa96acfc1d:   41 8b d1 44 8b 4c 24 38 8b cb 4c 8b 50 18 5b 49
0x00007ffa96acfc2d:   ff a2 d8 13 00 00 cc cc cc cc cc cc cc cc cc cc
0x00007ffa96acfc3d:   cc cc cc 40 53 48 8b 01 41 8b d8 44 8b 44 24 30
0x00007ffa96acfc4d:   41 8b d1 4c 8b 4c 24 38 8b cb 4c 8b 50 18 8b 44
0x00007ffa96acfc5d:   24 40 89 44 24 30 5b 49 ff a2 e0 13 00 00 cc cc
0x00007ffa96acfc6d:   cc cc cc 40 53 48 8b 01 41 8b d8 4c 8b 44 24 30
0x00007ffa96acfc7d:   41 8b d1 4c 8b 4c 24 38 8b cb 4c 8b 50 18 48 8b
0x00007ffa96acfc8d:   44 24 40 48 89 44 24 30 5b 49 ff a2 e8 13 00 00
0x00007ffa96acfc9d:   cc cc cc 48 8b 01 41 8b c8 48 8b 50 18 48 ff a2
0x00007ffa96acfcad:   f0 13 00 00 cc cc cc cc cc cc cc cc cc cc cc cc
0x00007ffa96acfcbd:   cc cc cc 48 8b 01 45 8b d8 44 8b 44 24 28 41 8b
0x00007ffa96acfccd:   d1 41 8b cb 4c 8b 50 18 49 ff a2 f8 13 00 00 cc 


Stack slot to memory mapping:

stack at sp + 0 slots: 0x000001336d65d207 is at code_begin+1063 in an Interpreter codelet
native method entry point (kind = native)  [0x000001336d65cde0, 0x000001336d65d938]  2904 bytes
stack at sp + 1 slots: 0x0000000000000668 is an unknown value
stack at sp + 2 slots: 0x000001336d65cede is at code_begin+254 in an Interpreter codelet
native method entry point (kind = native)  [0x000001336d65cde0, 0x000001336d65d938]  2904 bytes
stack at sp + 3 slots: {method} {0x0000013341574c20} 'nglGenVertexArrays' '(IJ)V' in 'org/lwjgl/opengl/GL30C'
stack at sp + 4 slots: 0x000001334138daa0 is pointing into metadata
stack at sp + 5 slots: 0x0000001c321ff518 is pointing into the stack for thread: 0x000001335d9e8cd0
stack at sp + 6 slots: 0x0000001c321ff580 is pointing into the stack for thread: 0x000001335d9e8cd0
stack at sp + 7 slots: 0x000001336d6587f6 is at code_begin+1526 in an Interpreter codelet
return entry points  [0x000001336d658200, 0x000001336d658e90]  3216 bytes

Lock stack of current Java thread (top to bottom):


---------------  P R O C E S S  ---------------

Threads class SMR info:
_java_thread_list=0x0000013345734da0, length=14, elements={
0x000001335d9e8cd0, 0x000001337c931650, 0x000001337c9320b0, 0x000001337c934460,
0x000001337c934ec0, 0x000001337c935920, 0x000001337c936380, 0x000001337c943680,
0x000001337c94a890, 0x0000013345140e90, 0x0000013345319a10, 0x000001334531e090,
0x000001337c94af60, 0x000001337c949420
}

Java Threads: ( => current thread )
=>0x000001335d9e8cd0 JavaThread "main"                              [_thread_in_native, id=28168, stack(0x0000001c32100000,0x0000001c32200000) (1024K)]
  0x000001337c931650 JavaThread "Reference Handler"          daemon [_thread_blocked, id=10764, stack(0x0000001c32900000,0x0000001c32a00000) (1024K)]
  0x000001337c9320b0 JavaThread "Finalizer"                  daemon [_thread_blocked, id=372, stack(0x0000001c32a00000,0x0000001c32b00000) (1024K)]
  0x000001337c934460 JavaThread "Signal Dispatcher"          daemon [_thread_blocked, id=6776, stack(0x0000001c32b00000,0x0000001c32c00000) (1024K)]
  0x000001337c934ec0 JavaThread "Attach Listener"            daemon [_thread_in_vm, id=26288, stack(0x0000001c32c00000,0x0000001c32d00000) (1024K)]
  0x000001337c935920 JavaThread "Service Thread"             daemon [_thread_blocked, id=19836, stack(0x0000001c32d00000,0x0000001c32e00000) (1024K)]
  0x000001337c936380 JavaThread "Monitor Deflation Thread"   daemon [_thread_blocked, id=10044, stack(0x0000001c32e00000,0x0000001c32f00000) (1024K)]
  0x000001337c943680 JavaThread "C2 CompilerThread0"         daemon [_thread_in_native, id=9172, stack(0x0000001c32f00000,0x0000001c33000000) (1024K)]
  0x000001337c94a890 JavaThread "C1 CompilerThread0"         daemon [_thread_blocked, id=13480, stack(0x0000001c33000000,0x0000001c33100000) (1024K)]
  0x0000013345140e90 JavaThread "Common-Cleaner"             daemon [_thread_blocked, id=28248, stack(0x0000001c33100000,0x0000001c33200000) (1024K)]
  0x0000013345319a10 JavaThread "Monitor Ctrl-Break"         daemon [_thread_in_native, id=11872, stack(0x0000001c33200000,0x0000001c33300000) (1024K)]
  0x000001334531e090 JavaThread "Notification Thread"        daemon [_thread_blocked, id=24468, stack(0x0000001c33300000,0x0000001c33400000) (1024K)]
  0x000001337c94af60 JavaThread "C2 CompilerThread1"         daemon [_thread_in_native, id=25012, stack(0x0000001c33400000,0x0000001c33500000) (1024K)]
  0x000001337c949420 JavaThread "C2 CompilerThread2"         daemon [_thread_blocked, id=27324, stack(0x0000001c33500000,0x0000001c33600000) (1024K)]
Total: 14

Other Threads:
  0x000001337c917f90 VMThread "VM Thread"                           [id=29192, stack(0x0000001c32800000,0x0000001c32900000) (1024K)]
  0x000001337c902b50 WatcherThread "VM Periodic Task Thread"        [id=17656, stack(0x0000001c32700000,0x0000001c32800000) (1024K)]
  0x000001335da4fce0 WorkerThread "GC Thread#0"                     [id=24004, stack(0x0000001c32200000,0x0000001c32300000) (1024K)]
  0x000001335da641a0 ConcurrentGCThread "G1 Main Marker"            [id=10124, stack(0x0000001c32300000,0x0000001c32400000) (1024K)]
  0x000001335da65bd0 WorkerThread "G1 Conc#0"                       [id=27448, stack(0x0000001c32400000,0x0000001c32500000) (1024K)]
  0x000001335daaeaf0 ConcurrentGCThread "G1 Refine#0"               [id=12280, stack(0x0000001c32500000,0x0000001c32600000) (1024K)]
  0x000001337c7ce670 ConcurrentGCThread "G1 Service"                [id=13780, stack(0x0000001c32600000,0x0000001c32700000) (1024K)]
Total: 7

Threads with active compile tasks:
C2 CompilerThread0  442 1058       4       jdk.internal.util.xml.impl.Parser::step (891 bytes)
C2 CompilerThread2  442 1173       4       jdk.internal.org.objectweb.asm.SymbolTable::put (150 bytes)
Total: 2

VM state: not at safepoint (normal execution)

VM Mutex/Monitor currently owned by a thread: None

Heap address: 0x0000000709400000, size: 3948 MB, Compressed Oops mode: Zero based, Oop shift amount: 3

CDS archive(s) mapped at: [0x0000013300000000-0x0000013300d70000-0x0000013300d70000), size 14090240, SharedBaseAddress: 0x0000013300000000, ArchiveRelocationMode: 1.
Compressed class space mapped at: 0x0000013301000000-0x0000013341000000, reserved size: 1073741824
Narrow klass base: 0x0000013300000000, Narrow klass shift: 0, Narrow klass range: 0x41000000

GC Precious Log:
 CardTable entry size: 512
 Card Set container configuration: InlinePtr #cards 4 size 8 Array Of Cards #cards 16 size 48 Howl #buckets 8 coarsen threshold 3686 Howl Bitmap #cards 512 size 80 coarsen threshold 460 Card regions per heap region 1 cards per card region 4096
 CPUs: 12 total, 12 available
 Memory: 15789M
 Large Page Support: Disabled
 NUMA Support: Disabled
 Compressed Oops: Enabled (Zero based)
 Heap Region Size: 2M
 Heap Min Capacity: 8M
 Heap Initial Capacity: 248M
 Heap Max Capacity: 3948M
 Pre-touch: Disabled
 Parallel Workers: 10
 Concurrent Workers: 3
 Concurrent Refinement Workers: 10
 Periodic GC: Disabled

Heap:
 garbage-first heap   total reserved 4042752K, committed 253952K, used 12288K [0x0000000709400000, 0x0000000800000000)
  region size 2048K, 7 young (14336K), 0 survivors (0K)
 Metaspace       used 7234K, committed 7488K, reserved 1114112K
  class space    used 670K, committed 768K, reserved 1048576K

Heap Regions: E=young(eden), S=young(survivor), O=old, HS=humongous(starts), HC=humongous(continues), CS=collection set, F=free, TAMS=top-at-mark-start, PB=parsable bottom
|   0|0x0000000709400000, 0x0000000709400000, 0x0000000709600000|  0%| F|  |TAMS 0x0000000709400000| PB 0x0000000709400000| Untracked |  0
|   1|0x0000000709600000, 0x0000000709600000, 0x0000000709800000|  0%| F|  |TAMS 0x0000000709600000| PB 0x0000000709600000| Untracked |  0
|   2|0x0000000709800000, 0x0000000709800000, 0x0000000709a00000|  0%| F|  |TAMS 0x0000000709800000| PB 0x0000000709800000| Untracked |  0
|   3|0x0000000709a00000, 0x0000000709a00000, 0x0000000709c00000|  0%| F|  |TAMS 0x0000000709a00000| PB 0x0000000709a00000| Untracked |  0
|   4|0x0000000709c00000, 0x0000000709c00000, 0x0000000709e00000|  0%| F|  |TAMS 0x0000000709c00000| PB 0x0000000709c00000| Untracked |  0
|   5|0x0000000709e00000, 0x0000000709e00000, 0x000000070a000000|  0%| F|  |TAMS 0x0000000709e00000| PB 0x0000000709e00000| Untracked |  0
|   6|0x000000070a000000, 0x000000070a000000, 0x000000070a200000|  0%| F|  |TAMS 0x000000070a000000| PB 0x000000070a000000| Untracked |  0
|   7|0x000000070a200000, 0x000000070a200000, 0x000000070a400000|  0%| F|  |TAMS 0x000000070a200000| PB 0x000000070a200000| Untracked |  0
|   8|0x000000070a400000, 0x000000070a400000, 0x000000070a600000|  0%| F|  |TAMS 0x000000070a400000| PB 0x000000070a400000| Untracked |  0
|   9|0x000000070a600000, 0x000000070a600000, 0x000000070a800000|  0%| F|  |TAMS 0x000000070a600000| PB 0x000000070a600000| Untracked |  0
|  10|0x000000070a800000, 0x000000070a800000, 0x000000070aa00000|  0%| F|  |TAMS 0x000000070a800000| PB 0x000000070a800000| Untracked |  0
|  11|0x000000070aa00000, 0x000000070aa00000, 0x000000070ac00000|  0%| F|  |TAMS 0x000000070aa00000| PB 0x000000070aa00000| Untracked |  0
|  12|0x000000070ac00000, 0x000000070ac00000, 0x000000070ae00000|  0%| F|  |TAMS 0x000000070ac00000| PB 0x000000070ac00000| Untracked |  0
|  13|0x000000070ae00000, 0x000000070ae00000, 0x000000070b000000|  0%| F|  |TAMS 0x000000070ae00000| PB 0x000000070ae00000| Untracked |  0
|  14|0x000000070b000000, 0x000000070b000000, 0x000000070b200000|  0%| F|  |TAMS 0x000000070b000000| PB 0x000000070b000000| Untracked |  0
|  15|0x000000070b200000, 0x000000070b200000, 0x000000070b400000|  0%| F|  |TAMS 0x000000070b200000| PB 0x000000070b200000| Untracked |  0
|  16|0x000000070b400000, 0x000000070b400000, 0x000000070b600000|  0%| F|  |TAMS 0x000000070b400000| PB 0x000000070b400000| Untracked |  0
|  17|0x000000070b600000, 0x000000070b600000, 0x000000070b800000|  0%| F|  |TAMS 0x000000070b600000| PB 0x000000070b600000| Untracked |  0
|  18|0x000000070b800000, 0x000000070b800000, 0x000000070ba00000|  0%| F|  |TAMS 0x000000070b800000| PB 0x000000070b800000| Untracked |  0
|  19|0x000000070ba00000, 0x000000070ba00000, 0x000000070bc00000|  0%| F|  |TAMS 0x000000070ba00000| PB 0x000000070ba00000| Untracked |  0
|  20|0x000000070bc00000, 0x000000070bc00000, 0x000000070be00000|  0%| F|  |TAMS 0x000000070bc00000| PB 0x000000070bc00000| Untracked |  0
|  21|0x000000070be00000, 0x000000070be00000, 0x000000070c000000|  0%| F|  |TAMS 0x000000070be00000| PB 0x000000070be00000| Untracked |  0
|  22|0x000000070c000000, 0x000000070c000000, 0x000000070c200000|  0%| F|  |TAMS 0x000000070c000000| PB 0x000000070c000000| Untracked |  0
|  23|0x000000070c200000, 0x000000070c200000, 0x000000070c400000|  0%| F|  |TAMS 0x000000070c200000| PB 0x000000070c200000| Untracked |  0
|  24|0x000000070c400000, 0x000000070c400000, 0x000000070c600000|  0%| F|  |TAMS 0x000000070c400000| PB 0x000000070c400000| Untracked |  0
|  25|0x000000070c600000, 0x000000070c600000, 0x000000070c800000|  0%| F|  |TAMS 0x000000070c600000| PB 0x000000070c600000| Untracked |  0
|  26|0x000000070c800000, 0x000000070c800000, 0x000000070ca00000|  0%| F|  |TAMS 0x000000070c800000| PB 0x000000070c800000| Untracked |  0
|  27|0x000000070ca00000, 0x000000070ca00000, 0x000000070cc00000|  0%| F|  |TAMS 0x000000070ca00000| PB 0x000000070ca00000| Untracked |  0
|  28|0x000000070cc00000, 0x000000070cc00000, 0x000000070ce00000|  0%| F|  |TAMS 0x000000070cc00000| PB 0x000000070cc00000| Untracked |  0
|  29|0x000000070ce00000, 0x000000070ce00000, 0x000000070d000000|  0%| F|  |TAMS 0x000000070ce00000| PB 0x000000070ce00000| Untracked |  0
|  30|0x000000070d000000, 0x000000070d000000, 0x000000070d200000|  0%| F|  |TAMS 0x000000070d000000| PB 0x000000070d000000| Untracked |  0
|  31|0x000000070d200000, 0x000000070d200000, 0x000000070d400000|  0%| F|  |TAMS 0x000000070d200000| PB 0x000000070d200000| Untracked |  0
|  32|0x000000070d400000, 0x000000070d400000, 0x000000070d600000|  0%| F|  |TAMS 0x000000070d400000| PB 0x000000070d400000| Untracked |  0
|  33|0x000000070d600000, 0x000000070d600000, 0x000000070d800000|  0%| F|  |TAMS 0x000000070d600000| PB 0x000000070d600000| Untracked |  0
|  34|0x000000070d800000, 0x000000070d800000, 0x000000070da00000|  0%| F|  |TAMS 0x000000070d800000| PB 0x000000070d800000| Untracked |  0
|  35|0x000000070da00000, 0x000000070da00000, 0x000000070dc00000|  0%| F|  |TAMS 0x000000070da00000| PB 0x000000070da00000| Untracked |  0
|  36|0x000000070dc00000, 0x000000070dc00000, 0x000000070de00000|  0%| F|  |TAMS 0x000000070dc00000| PB 0x000000070dc00000| Untracked |  0
|  37|0x000000070de00000, 0x000000070de00000, 0x000000070e000000|  0%| F|  |TAMS 0x000000070de00000| PB 0x000000070de00000| Untracked |  0
|  38|0x000000070e000000, 0x000000070e000000, 0x000000070e200000|  0%| F|  |TAMS 0x000000070e000000| PB 0x000000070e000000| Untracked |  0
|  39|0x000000070e200000, 0x000000070e200000, 0x000000070e400000|  0%| F|  |TAMS 0x000000070e200000| PB 0x000000070e200000| Untracked |  0
|  40|0x000000070e400000, 0x000000070e400000, 0x000000070e600000|  0%| F|  |TAMS 0x000000070e400000| PB 0x000000070e400000| Untracked |  0
|  41|0x000000070e600000, 0x000000070e600000, 0x000000070e800000|  0%| F|  |TAMS 0x000000070e600000| PB 0x000000070e600000| Untracked |  0
|  42|0x000000070e800000, 0x000000070e800000, 0x000000070ea00000|  0%| F|  |TAMS 0x000000070e800000| PB 0x000000070e800000| Untracked |  0
|  43|0x000000070ea00000, 0x000000070ea00000, 0x000000070ec00000|  0%| F|  |TAMS 0x000000070ea00000| PB 0x000000070ea00000| Untracked |  0
|  44|0x000000070ec00000, 0x000000070ec00000, 0x000000070ee00000|  0%| F|  |TAMS 0x000000070ec00000| PB 0x000000070ec00000| Untracked |  0
|  45|0x000000070ee00000, 0x000000070ee00000, 0x000000070f000000|  0%| F|  |TAMS 0x000000070ee00000| PB 0x000000070ee00000| Untracked |  0
|  46|0x000000070f000000, 0x000000070f000000, 0x000000070f200000|  0%| F|  |TAMS 0x000000070f000000| PB 0x000000070f000000| Untracked |  0
|  47|0x000000070f200000, 0x000000070f200000, 0x000000070f400000|  0%| F|  |TAMS 0x000000070f200000| PB 0x000000070f200000| Untracked |  0
|  48|0x000000070f400000, 0x000000070f400000, 0x000000070f600000|  0%| F|  |TAMS 0x000000070f400000| PB 0x000000070f400000| Untracked |  0
|  49|0x000000070f600000, 0x000000070f600000, 0x000000070f800000|  0%| F|  |TAMS 0x000000070f600000| PB 0x000000070f600000| Untracked |  0
|  50|0x000000070f800000, 0x000000070f800000, 0x000000070fa00000|  0%| F|  |TAMS 0x000000070f800000| PB 0x000000070f800000| Untracked |  0
|  51|0x000000070fa00000, 0x000000070fa00000, 0x000000070fc00000|  0%| F|  |TAMS 0x000000070fa00000| PB 0x000000070fa00000| Untracked |  0
|  52|0x000000070fc00000, 0x000000070fc00000, 0x000000070fe00000|  0%| F|  |TAMS 0x000000070fc00000| PB 0x000000070fc00000| Untracked |  0
|  53|0x000000070fe00000, 0x000000070fe00000, 0x0000000710000000|  0%| F|  |TAMS 0x000000070fe00000| PB 0x000000070fe00000| Untracked |  0
|  54|0x0000000710000000, 0x0000000710000000, 0x0000000710200000|  0%| F|  |TAMS 0x0000000710000000| PB 0x0000000710000000| Untracked |  0
|  55|0x0000000710200000, 0x0000000710200000, 0x0000000710400000|  0%| F|  |TAMS 0x0000000710200000| PB 0x0000000710200000| Untracked |  0
|  56|0x0000000710400000, 0x0000000710400000, 0x0000000710600000|  0%| F|  |TAMS 0x0000000710400000| PB 0x0000000710400000| Untracked |  0
|  57|0x0000000710600000, 0x0000000710600000, 0x0000000710800000|  0%| F|  |TAMS 0x0000000710600000| PB 0x0000000710600000| Untracked |  0
|  58|0x0000000710800000, 0x0000000710800000, 0x0000000710a00000|  0%| F|  |TAMS 0x0000000710800000| PB 0x0000000710800000| Untracked |  0
|  59|0x0000000710a00000, 0x0000000710a00000, 0x0000000710c00000|  0%| F|  |TAMS 0x0000000710a00000| PB 0x0000000710a00000| Untracked |  0
|  60|0x0000000710c00000, 0x0000000710c00000, 0x0000000710e00000|  0%| F|  |TAMS 0x0000000710c00000| PB 0x0000000710c00000| Untracked |  0
|  61|0x0000000710e00000, 0x0000000710e00000, 0x0000000711000000|  0%| F|  |TAMS 0x0000000710e00000| PB 0x0000000710e00000| Untracked |  0
|  62|0x0000000711000000, 0x0000000711000000, 0x0000000711200000|  0%| F|  |TAMS 0x0000000711000000| PB 0x0000000711000000| Untracked |  0
|  63|0x0000000711200000, 0x0000000711200000, 0x0000000711400000|  0%| F|  |TAMS 0x0000000711200000| PB 0x0000000711200000| Untracked |  0
|  64|0x0000000711400000, 0x0000000711400000, 0x0000000711600000|  0%| F|  |TAMS 0x0000000711400000| PB 0x0000000711400000| Untracked |  0
|  65|0x0000000711600000, 0x0000000711600000, 0x0000000711800000|  0%| F|  |TAMS 0x0000000711600000| PB 0x0000000711600000| Untracked |  0
|  66|0x0000000711800000, 0x0000000711800000, 0x0000000711a00000|  0%| F|  |TAMS 0x0000000711800000| PB 0x0000000711800000| Untracked |  0
|  67|0x0000000711a00000, 0x0000000711a00000, 0x0000000711c00000|  0%| F|  |TAMS 0x0000000711a00000| PB 0x0000000711a00000| Untracked |  0
|  68|0x0000000711c00000, 0x0000000711c00000, 0x0000000711e00000|  0%| F|  |TAMS 0x0000000711c00000| PB 0x0000000711c00000| Untracked |  0
|  69|0x0000000711e00000, 0x0000000711e00000, 0x0000000712000000|  0%| F|  |TAMS 0x0000000711e00000| PB 0x0000000711e00000| Untracked |  0
|  70|0x0000000712000000, 0x0000000712000000, 0x0000000712200000|  0%| F|  |TAMS 0x0000000712000000| PB 0x0000000712000000| Untracked |  0
|  71|0x0000000712200000, 0x0000000712200000, 0x0000000712400000|  0%| F|  |TAMS 0x0000000712200000| PB 0x0000000712200000| Untracked |  0
|  72|0x0000000712400000, 0x0000000712400000, 0x0000000712600000|  0%| F|  |TAMS 0x0000000712400000| PB 0x0000000712400000| Untracked |  0
|  73|0x0000000712600000, 0x0000000712600000, 0x0000000712800000|  0%| F|  |TAMS 0x0000000712600000| PB 0x0000000712600000| Untracked |  0
|  74|0x0000000712800000, 0x0000000712800000, 0x0000000712a00000|  0%| F|  |TAMS 0x0000000712800000| PB 0x0000000712800000| Untracked |  0
|  75|0x0000000712a00000, 0x0000000712a00000, 0x0000000712c00000|  0%| F|  |TAMS 0x0000000712a00000| PB 0x0000000712a00000| Untracked |  0
|  76|0x0000000712c00000, 0x0000000712c00000, 0x0000000712e00000|  0%| F|  |TAMS 0x0000000712c00000| PB 0x0000000712c00000| Untracked |  0
|  77|0x0000000712e00000, 0x0000000712e00000, 0x0000000713000000|  0%| F|  |TAMS 0x0000000712e00000| PB 0x0000000712e00000| Untracked |  0
|  78|0x0000000713000000, 0x0000000713000000, 0x0000000713200000|  0%| F|  |TAMS 0x0000000713000000| PB 0x0000000713000000| Untracked |  0
|  79|0x0000000713200000, 0x0000000713200000, 0x0000000713400000|  0%| F|  |TAMS 0x0000000713200000| PB 0x0000000713200000| Untracked |  0
|  80|0x0000000713400000, 0x0000000713400000, 0x0000000713600000|  0%| F|  |TAMS 0x0000000713400000| PB 0x0000000713400000| Untracked |  0
|  81|0x0000000713600000, 0x0000000713600000, 0x0000000713800000|  0%| F|  |TAMS 0x0000000713600000| PB 0x0000000713600000| Untracked |  0
|  82|0x0000000713800000, 0x0000000713800000, 0x0000000713a00000|  0%| F|  |TAMS 0x0000000713800000| PB 0x0000000713800000| Untracked |  0
|  83|0x0000000713a00000, 0x0000000713a00000, 0x0000000713c00000|  0%| F|  |TAMS 0x0000000713a00000| PB 0x0000000713a00000| Untracked |  0
|  84|0x0000000713c00000, 0x0000000713c00000, 0x0000000713e00000|  0%| F|  |TAMS 0x0000000713c00000| PB 0x0000000713c00000| Untracked |  0
|  85|0x0000000713e00000, 0x0000000713e00000, 0x0000000714000000|  0%| F|  |TAMS 0x0000000713e00000| PB 0x0000000713e00000| Untracked |  0
|  86|0x0000000714000000, 0x0000000714000000, 0x0000000714200000|  0%| F|  |TAMS 0x0000000714000000| PB 0x0000000714000000| Untracked |  0
|  87|0x0000000714200000, 0x0000000714200000, 0x0000000714400000|  0%| F|  |TAMS 0x0000000714200000| PB 0x0000000714200000| Untracked |  0
|  88|0x0000000714400000, 0x0000000714400000, 0x0000000714600000|  0%| F|  |TAMS 0x0000000714400000| PB 0x0000000714400000| Untracked |  0
|  89|0x0000000714600000, 0x0000000714600000, 0x0000000714800000|  0%| F|  |TAMS 0x0000000714600000| PB 0x0000000714600000| Untracked |  0
|  90|0x0000000714800000, 0x0000000714800000, 0x0000000714a00000|  0%| F|  |TAMS 0x0000000714800000| PB 0x0000000714800000| Untracked |  0
|  91|0x0000000714a00000, 0x0000000714a00000, 0x0000000714c00000|  0%| F|  |TAMS 0x0000000714a00000| PB 0x0000000714a00000| Untracked |  0
|  92|0x0000000714c00000, 0x0000000714c00000, 0x0000000714e00000|  0%| F|  |TAMS 0x0000000714c00000| PB 0x0000000714c00000| Untracked |  0
|  93|0x0000000714e00000, 0x0000000714e00000, 0x0000000715000000|  0%| F|  |TAMS 0x0000000714e00000| PB 0x0000000714e00000| Untracked |  0
|  94|0x0000000715000000, 0x0000000715000000, 0x0000000715200000|  0%| F|  |TAMS 0x0000000715000000| PB 0x0000000715000000| Untracked |  0
|  95|0x0000000715200000, 0x0000000715200000, 0x0000000715400000|  0%| F|  |TAMS 0x0000000715200000| PB 0x0000000715200000| Untracked |  0
|  96|0x0000000715400000, 0x0000000715400000, 0x0000000715600000|  0%| F|  |TAMS 0x0000000715400000| PB 0x0000000715400000| Untracked |  0
|  97|0x0000000715600000, 0x0000000715600000, 0x0000000715800000|  0%| F|  |TAMS 0x0000000715600000| PB 0x0000000715600000| Untracked |  0
|  98|0x0000000715800000, 0x0000000715800000, 0x0000000715a00000|  0%| F|  |TAMS 0x0000000715800000| PB 0x0000000715800000| Untracked |  0
|  99|0x0000000715a00000, 0x0000000715a00000, 0x0000000715c00000|  0%| F|  |TAMS 0x0000000715a00000| PB 0x0000000715a00000| Untracked |  0
| 100|0x0000000715c00000, 0x0000000715c00000, 0x0000000715e00000|  0%| F|  |TAMS 0x0000000715c00000| PB 0x0000000715c00000| Untracked |  0
| 101|0x0000000715e00000, 0x0000000715e00000, 0x0000000716000000|  0%| F|  |TAMS 0x0000000715e00000| PB 0x0000000715e00000| Untracked |  0
| 102|0x0000000716000000, 0x0000000716000000, 0x0000000716200000|  0%| F|  |TAMS 0x0000000716000000| PB 0x0000000716000000| Untracked |  0
| 103|0x0000000716200000, 0x0000000716200000, 0x0000000716400000|  0%| F|  |TAMS 0x0000000716200000| PB 0x0000000716200000| Untracked |  0
| 104|0x0000000716400000, 0x0000000716400000, 0x0000000716600000|  0%| F|  |TAMS 0x0000000716400000| PB 0x0000000716400000| Untracked |  0
| 105|0x0000000716600000, 0x0000000716600000, 0x0000000716800000|  0%| F|  |TAMS 0x0000000716600000| PB 0x0000000716600000| Untracked |  0
| 106|0x0000000716800000, 0x0000000716800000, 0x0000000716a00000|  0%| F|  |TAMS 0x0000000716800000| PB 0x0000000716800000| Untracked |  0
| 107|0x0000000716a00000, 0x0000000716a00000, 0x0000000716c00000|  0%| F|  |TAMS 0x0000000716a00000| PB 0x0000000716a00000| Untracked |  0
| 108|0x0000000716c00000, 0x0000000716c00000, 0x0000000716e00000|  0%| F|  |TAMS 0x0000000716c00000| PB 0x0000000716c00000| Untracked |  0
| 109|0x0000000716e00000, 0x0000000716e00000, 0x0000000717000000|  0%| F|  |TAMS 0x0000000716e00000| PB 0x0000000716e00000| Untracked |  0
| 110|0x0000000717000000, 0x0000000717000000, 0x0000000717200000|  0%| F|  |TAMS 0x0000000717000000| PB 0x0000000717000000| Untracked |  0
| 111|0x0000000717200000, 0x0000000717200000, 0x0000000717400000|  0%| F|  |TAMS 0x0000000717200000| PB 0x0000000717200000| Untracked |  0
| 112|0x0000000717400000, 0x0000000717400000, 0x0000000717600000|  0%| F|  |TAMS 0x0000000717400000| PB 0x0000000717400000| Untracked |  0
| 113|0x0000000717600000, 0x0000000717600000, 0x0000000717800000|  0%| F|  |TAMS 0x0000000717600000| PB 0x0000000717600000| Untracked |  0
| 114|0x0000000717800000, 0x0000000717800000, 0x0000000717a00000|  0%| F|  |TAMS 0x0000000717800000| PB 0x0000000717800000| Untracked |  0
| 115|0x0000000717a00000, 0x0000000717a00000, 0x0000000717c00000|  0%| F|  |TAMS 0x0000000717a00000| PB 0x0000000717a00000| Untracked |  0
| 116|0x0000000717c00000, 0x0000000717c00000, 0x0000000717e00000|  0%| F|  |TAMS 0x0000000717c00000| PB 0x0000000717c00000| Untracked |  0
| 117|0x0000000717e00000, 0x0000000717fed500, 0x0000000718000000| 96%| E|  |TAMS 0x0000000717e00000| PB 0x0000000717e00000| Complete |  0
| 118|0x0000000718000000, 0x0000000718200000, 0x0000000718200000|100%| E|CS|TAMS 0x0000000718000000| PB 0x0000000718000000| Complete |  0
| 119|0x0000000718200000, 0x0000000718400000, 0x0000000718400000|100%| E|CS|TAMS 0x0000000718200000| PB 0x0000000718200000| Complete |  0
| 120|0x0000000718400000, 0x0000000718600000, 0x0000000718600000|100%| E|CS|TAMS 0x0000000718400000| PB 0x0000000718400000| Complete |  0
| 121|0x0000000718600000, 0x0000000718800000, 0x0000000718800000|100%| E|CS|TAMS 0x0000000718600000| PB 0x0000000718600000| Complete |  0
| 122|0x0000000718800000, 0x0000000718a00000, 0x0000000718a00000|100%| E|CS|TAMS 0x0000000718800000| PB 0x0000000718800000| Complete |  0
| 123|0x0000000718a00000, 0x0000000718c00000, 0x0000000718c00000|100%| E|CS|TAMS 0x0000000718a00000| PB 0x0000000718a00000| Complete |  0

Card table byte_map: [0x0000013375f40000,0x0000013376700000] _byte_map_base: 0x00000133726f6000

Marking Bits: (CMBitMap*) 0x000001335da503f0
 Bits: [0x0000013376700000, 0x000001337a4b0000)

Polling page: 0x000001335b840000

Metaspace:

Usage:
  Non-class:      6.42 MB used.
      Class:    673.73 KB used.
       Both:      7.08 MB used.

Virtual space:
  Non-class space:       64.00 MB reserved,       6.56 MB ( 10%) committed,  1 nodes.
      Class space:        1.00 GB reserved,     768.00 KB ( <1%) committed,  1 nodes.
             Both:        1.06 GB reserved,       7.31 MB ( <1%) committed. 

Chunk freelists:
   Non-Class:  8.99 MB
       Class:  15.21 MB
        Both:  24.21 MB

MaxMetaspaceSize: unlimited
CompressedClassSpaceSize: 1.00 GB
Initial GC threshold: 21.00 MB
Current GC threshold: 21.00 MB
CDS: on
 - commit_granule_bytes: 65536.
 - commit_granule_words: 8192.
 - virtual_space_node_default_size: 8388608.
 - enlarge_chunks_in_place: 1.
 - use_allocation_guard: 0.


Internal statistics:

num_allocs_failed_limit: 0.
num_arena_births: 154.
num_arena_deaths: 0.
num_vsnodes_births: 2.
num_vsnodes_deaths: 0.
num_space_committed: 117.
num_space_uncommitted: 0.
num_chunks_returned_to_freelist: 0.
num_chunks_taken_from_freelist: 256.
num_chunk_merges: 0.
num_chunk_splits: 165.
num_chunks_enlarged: 105.
num_inconsistent_stats: 0.

CodeHeap 'non-profiled nmethods': size=120064Kb used=352Kb max_used=352Kb free=119711Kb
 bounds [0x000001336dbe0000, 0x000001336de50000, 0x0000013375120000]
CodeHeap 'profiled nmethods': size=120000Kb used=1356Kb max_used=1356Kb free=118643Kb
 bounds [0x0000013366120000, 0x0000013366390000, 0x000001336d650000]
CodeHeap 'non-nmethods': size=5696Kb used=1493Kb max_used=1523Kb free=4202Kb
 bounds [0x000001336d650000, 0x000001336d8c0000, 0x000001336dbe0000]
CodeCache: size=245760Kb, used=3201Kb, max_used=3231Kb, free=242556Kb
 total_blobs=1761, nmethods=1173, adapters=494, full_count=0
Compilation: enabled, stopped_count=0, restarted_count=0

Compilation events (20 events):
Event: 0.312 Thread 0x000001337c943680  903       4       java.util.HashMap::put (13 bytes)
Event: 0.312 Thread 0x000001337c94af60  905       4       java.lang.CharacterDataLatin1::toLowerCase (44 bytes)
Event: 0.313 Thread 0x000001337c94a890 nmethod 902 0x000001336620ed08 code [0x000001336620ef60, 0x00000133662100d8]
Event: 0.313 Thread 0x000001337c94a890  904       3       java.util.TreeMap::getEntryUsingComparator (74 bytes)
Event: 0.313 Thread 0x000001337c94af60 nmethod 905 0x000001336dc24c08 code [0x000001336dc24d00, 0x000001336dc24db0]
Event: 0.313 Thread 0x000001337c94a890 nmethod 904 0x0000013366210188 code [0x00000133662102e0, 0x0000013366210678]
Event: 0.313 Thread 0x000001337c94a890  906       3       java.lang.invoke.MethodHandleNatives::refKindIsMethod (19 bytes)
Event: 0.313 Thread 0x000001337c94a890 nmethod 906 0x0000013366210688 code [0x00000133662107a0, 0x00000133662109c0]
Event: 0.313 Thread 0x000001337c94a890  907       3       jdk.internal.ref.CleanerFactory::cleaner (4 bytes)
Event: 0.313 Thread 0x000001337c94a890 nmethod 907 0x0000013366210a08 code [0x0000013366210b20, 0x0000013366210c18]
Event: 0.314 Thread 0x000001337c94a890  908       3       jdk.internal.access.SharedSecrets::getJavaLangAccess (4 bytes)
Event: 0.314 Thread 0x000001337c94a890 nmethod 908 0x0000013366210d08 code [0x0000013366210e20, 0x0000013366210f20]
Event: 0.314 Thread 0x000001337c94af60  909 %     4       java.lang.StringCoding::countPositives @ 7 (33 bytes)
Event: 0.315 Thread 0x000001337c94a890  910       3       jdk.jfr.internal.util.Tokenizer::isSeparator (39 bytes)
Event: 0.316 Thread 0x000001337c94a890 nmethod 910 0x0000013366211008 code [0x0000013366211140, 0x0000013366211360]
Event: 0.316 Thread 0x000001337c94a890  911       3       jdk.jfr.internal.util.Tokenizer::isQuoteCharacter (18 bytes)
Event: 0.316 Thread 0x000001337c94a890 nmethod 911 0x0000013366211388 code [0x00000133662114a0, 0x0000013366211628]
Event: 0.316 Thread 0x000001337c94a890  912       3       jdk.jfr.internal.util.Tokenizer::skipWhitespace (48 bytes)
Event: 0.316 Thread 0x000001337c94a890 nmethod 912 0x0000013366211688 code [0x0000013366211860, 0x00000133662121a8]
Event: 0.317 Thread 0x000001337c94a890  914       3       java.lang.StringLatin1::lastIndexOf (125 bytes)

GC Heap History (0 events):
No events

Dll operation events (15 events):
Event: 0.011 Loaded shared library C:\Users\keras\.jdks\openjdk-23.0.2\bin\java.dll
Event: 0.040 Loaded shared library C:\Users\keras\.jdks\openjdk-23.0.2\bin\jsvml.dll
Event: 0.083 Loaded shared library C:\Users\keras\.jdks\openjdk-23.0.2\bin\zip.dll
Event: 0.086 Loaded shared library C:\Users\keras\.jdks\openjdk-23.0.2\bin\instrument.dll
Event: 0.090 Loaded shared library C:\Users\keras\.jdks\openjdk-23.0.2\bin\net.dll
Event: 0.092 Loaded shared library C:\Users\keras\.jdks\openjdk-23.0.2\bin\nio.dll
Event: 0.095 Loaded shared library C:\Users\keras\.jdks\openjdk-23.0.2\bin\zip.dll
Event: 0.114 Loaded shared library D:\IntelliJ IDEA 2024.3.3\bin\breakgen64.dll
Event: 0.124 Loaded shared library C:\Users\keras\.jdks\openjdk-23.0.2\bin\extnet.dll
Event: 0.124 Loaded shared library C:\Users\keras\.jdks\openjdk-23.0.2\bin\verify.dll
Event: 0.166 Loaded shared library C:\Users\keras\.jdks\openjdk-23.0.2\bin\jimage.dll
Event: 0.202 Loaded shared library C:\Users\keras\.jdks\openjdk-23.0.2\bin\management.dll
Event: 0.210 Loaded shared library C:\Users\keras\AppData\Local\Temp\lwjgl_keras\3.3.2+13\x64\lwjgl.dll
Event: 0.212 Loaded shared library C:\Users\keras\.jdks\openjdk-23.0.2\bin\management_ext.dll
Event: 0.261 Loaded shared library C:\Users\keras\AppData\Local\Temp\lwjgl_keras\3.3.2+13\x64\lwjgl_opengl.dll

Deoptimization events (4 events):
Event: 0.215 Thread 0x000001337c934ec0 Uncommon trap: trap_request=0xffffff45 fr.pc=0x000001336dbef8bc relative=0x0000000000000a7c
Event: 0.215 Thread 0x000001337c934ec0 Uncommon trap: reason=unstable_if action=reinterpret pc=0x000001336dbef8bc method=java.util.HashMap.putVal(ILjava/lang/Object;Ljava/lang/Object;ZZ)Ljava/lang/Object; @ 181 c2
Event: 0.215 Thread 0x000001337c934ec0 DEOPT PACKING pc=0x000001336dbef8bc sp=0x0000001c32cfe840
Event: 0.215 Thread 0x000001337c934ec0 DEOPT UNPACKING pc=0x000001336d6a4402 sp=0x0000001c32cfe800 mode 2

Classes loaded (20 events):
Event: 0.312 Loading class java/util/Arrays$ArrayItr
Event: 0.312 Loading class java/util/Arrays$ArrayItr done
Event: 0.312 Loading class java/lang/StringLatin1$LinesSpliterator
Event: 0.312 Loading class java/lang/StringLatin1$LinesSpliterator done
Event: 0.312 Loading class java/util/ImmutableCollections$Access
Event: 0.313 Loading class java/util/ImmutableCollections$Access done
Event: 0.313 Loading class java/util/ImmutableCollections$Access$1
Event: 0.313 Loading class jdk/internal/access/JavaUtilCollectionAccess
Event: 0.313 Loading class jdk/internal/access/JavaUtilCollectionAccess done
Event: 0.313 Loading class java/util/ImmutableCollections$Access$1 done
Event: 0.313 Loading class jdk/jfr/internal/query/ViewPrinter
Event: 0.314 Loading class jdk/jfr/internal/query/ViewPrinter done
Event: 0.314 Loading class jdk/jfr/internal/util/Columnizer
Event: 0.314 Loading class jdk/jfr/internal/util/Columnizer done
Event: 0.314 Loading class jdk/jfr/internal/query/ViewFile
Event: 0.314 Loading class jdk/jfr/internal/query/ViewFile done
Event: 0.315 Loading class jdk/jfr/internal/util/Tokenizer
Event: 0.315 Loading class jdk/jfr/internal/util/Tokenizer done
Event: 0.315 Loading class jdk/jfr/internal/query/ViewFile$ViewConfiguration
Event: 0.315 Loading class jdk/jfr/internal/query/ViewFile$ViewConfiguration done

Classes unloaded (0 events):
No events

Classes redefined (0 events):
No events

Internal exceptions (20 events):
Event: 0.168 Thread 0x000001335d9e8cd0 Exception <a 'java/lang/NoSuchMethodError'{0x0000000718767bc0}: 'void java.lang.invoke.DelegatingMethodHandle$Holder.delegate(java.lang.Object, java.lang.Object, int, java.lang.Object)'> (0x0000000718767bc0) 
thrown [s\open\src\hotspot\share\interpreter\linkResolver.cpp, line 796]
Event: 0.168 Thread 0x000001335d9e8cd0 Exception <a 'java/lang/NoSuchMethodError'{0x000000071876b968}: 'int java.lang.invoke.DirectMethodHandle$Holder.invokeSpecial(java.lang.Object, java.lang.Object, java.lang.Object)'> (0x000000071876b968) 
thrown [s\open\src\hotspot\share\interpreter\linkResolver.cpp, line 796]
Event: 0.172 Thread 0x000001335d9e8cd0 Exception <a 'java/lang/NoSuchMethodError'{0x0000000718785048}: 'void java.lang.System.loadLibrary(java.lang.String, java.lang.Class)'> (0x0000000718785048) 
thrown [s\open\src\hotspot\share\interpreter\linkResolver.cpp, line 796]
Event: 0.184 Thread 0x000001335d9e8cd0 Exception <a 'java/lang/NoSuchMethodError'{0x00000007184246e0}: 'void java.lang.System.load(java.lang.String, java.lang.Class)'> (0x00000007184246e0) 
thrown [s\open\src\hotspot\share\interpreter\linkResolver.cpp, line 796]
Event: 0.185 Thread 0x000001335d9e8cd0 Exception <a 'java/lang/NoSuchMethodError'{0x0000000718427188}: 'void java.lang.System.loadLibrary(java.lang.String, java.lang.Class)'> (0x0000000718427188) 
thrown [s\open\src\hotspot\share\interpreter\linkResolver.cpp, line 796]
Event: 0.208 Thread 0x000001335d9e8cd0 Exception <a 'sun/nio/fs/WindowsException'{0x000000071844fe50}> (0x000000071844fe50) 
thrown [s\open\src\hotspot\share\prims\jni.cpp, line 520]
Event: 0.208 Thread 0x000001335d9e8cd0 Exception <a 'sun/nio/fs/WindowsException'{0x00000007184503a0}> (0x00000007184503a0) 
thrown [s\open\src\hotspot\share\prims\jni.cpp, line 520]
Event: 0.216 Thread 0x000001337c934ec0 Exception <a 'java/lang/NoSuchMethodError'{0x000000071847e590}: 'int java.lang.invoke.DirectMethodHandle$Holder.invokeInterface(java.lang.Object, java.lang.Object)'> (0x000000071847e590) 
thrown [s\open\src\hotspot\share\interpreter\linkResolver.cpp, line 796]
Event: 0.216 Thread 0x000001337c934ec0 Exception <a 'java/lang/IncompatibleClassChangeError'{0x00000007184817b8}: Found class java.lang.Object, but interface was expected> (0x00000007184817b8) 
thrown [s\open\src\hotspot\share\interpreter\linkResolver.cpp, line 863]
Event: 0.259 Thread 0x000001335d9e8cd0 Exception <a 'sun/nio/fs/WindowsException'{0x0000000718537a90}> (0x0000000718537a90) 
thrown [s\open\src\hotspot\share\prims\jni.cpp, line 520]
Event: 0.259 Thread 0x000001335d9e8cd0 Exception <a 'sun/nio/fs/WindowsException'{0x0000000718537e38}> (0x0000000718537e38) 
thrown [s\open\src\hotspot\share\prims\jni.cpp, line 520]
Event: 0.264 Thread 0x000001335d9e8cd0 Exception <a 'sun/nio/fs/WindowsException'{0x000000071853ff00}> (0x000000071853ff00) 
thrown [s\open\src\hotspot\share\prims\jni.cpp, line 520]
Event: 0.264 Thread 0x000001335d9e8cd0 Exception <a 'sun/nio/fs/WindowsException'{0x00000007185401e0}> (0x00000007185401e0) 
thrown [s\open\src\hotspot\share\prims\jni.cpp, line 520]
Event: 0.271 Thread 0x000001337c934ec0 Exception <a 'java/lang/NoSuchMethodError'{0x00000007185dd218}: 'void java.lang.invoke.DirectMethodHandle$Holder.invokeStatic(java.lang.Object, int, java.lang.Object)'> (0x00000007185dd218) 
thrown [s\open\src\hotspot\share\interpreter\linkResolver.cpp, line 796]
Event: 0.272 Thread 0x000001335d9e8cd0 Exception <a 'java/lang/NoSuchMethodError'{0x0000000718204b38}: 'int java.lang.invoke.DirectMethodHandle$Holder.invokeStaticInit(java.lang.Object, java.lang.Object, int, long)'> (0x0000000718204b38) 
thrown [s\open\src\hotspot\share\interpreter\linkResolver.cpp, line 796]
Event: 0.273 Thread 0x000001335d9e8cd0 Exception <a 'java/lang/NoSuchMethodError'{0x0000000718209f20}: 'java.lang.Object java.lang.invoke.DirectMethodHandle$Holder.newInvokeSpecial(java.lang.Object, java.lang.Object, int)'> (0x0000000718209f20) 
thrown [s\open\src\hotspot\share\interpreter\linkResolver.cpp, line 796]
Event: 0.274 Thread 0x000001335d9e8cd0 Exception <a 'java/lang/NoSuchMethodError'{0x0000000718218278}: 'int java.lang.invoke.DirectMethodHandle$Holder.invokeStaticInit(java.lang.Object, java.lang.Object, long, long)'> (0x0000000718218278) 
thrown [s\open\src\hotspot\share\interpreter\linkResolver.cpp, line 796]
Event: 0.275 Thread 0x000001335d9e8cd0 Exception <a 'java/lang/NoSuchMethodError'{0x000000071821da88}: 'java.lang.Object java.lang.invoke.DirectMethodHandle$Holder.newInvokeSpecial(java.lang.Object, java.lang.Object, long)'> (0x000000071821da88) 
thrown [s\open\src\hotspot\share\interpreter\linkResolver.cpp, line 796]
Event: 0.275 Thread 0x000001335d9e8cd0 Exception <a 'java/lang/NoSuchMethodError'{0x00000007182213e8}: 'java.lang.Object java.lang.invoke.Invokers$Holder.linkToTargetMethod(java.lang.Object, long, java.lang.Object)'> (0x00000007182213e8) 
thrown [s\open\src\hotspot\share\interpreter\linkResolver.cpp, line 796]
Event: 0.276 Thread 0x000001335d9e8cd0 Exception <a 'java/lang/NoSuchMethodError'{0x0000000718228510}: 'int java.lang.invoke.DirectMethodHandle$Holder.invokeStaticInit(java.lang.Object, java.lang.Object, java.lang.Object, long)'> (0x0000000718228510) 
thrown [s\open\src\hotspot\share\interpreter\linkResolver.cpp, line 796]

VM Operations (8 events):
Event: 0.072 Executing VM operation: HandshakeAllThreads (Deoptimize)
Event: 0.072 Executing VM operation: HandshakeAllThreads (Deoptimize) done
Event: 0.174 Executing VM operation: HandshakeAllThreads (Deoptimize)
Event: 0.174 Executing VM operation: HandshakeAllThreads (Deoptimize) done
Event: 0.207 Executing VM operation: HandshakeAllThreads (Deoptimize)
Event: 0.207 Executing VM operation: HandshakeAllThreads (Deoptimize) done
Event: 0.207 Executing VM operation: HandshakeAllThreads (Deoptimize)
Event: 0.207 Executing VM operation: HandshakeAllThreads (Deoptimize) done

Memory protections (0 events):
No events

Nmethod flushes (0 events):
No events

Events (13 events):
Event: 0.024 Thread 0x000001335d9e8cd0 Thread added: 0x000001335d9e8cd0
Event: 0.038 Thread 0x000001335d9e8cd0 Thread added: 0x000001337c931650
Event: 0.038 Thread 0x000001335d9e8cd0 Thread added: 0x000001337c9320b0
Event: 0.039 Thread 0x000001335d9e8cd0 Thread added: 0x000001337c934460
Event: 0.039 Thread 0x000001335d9e8cd0 Thread added: 0x000001337c934ec0
Event: 0.039 Thread 0x000001335d9e8cd0 Thread added: 0x000001337c935920
Event: 0.039 Thread 0x000001335d9e8cd0 Thread added: 0x000001337c936380
Event: 0.039 Thread 0x000001335d9e8cd0 Thread added: 0x000001337c943680
Event: 0.039 Thread 0x000001335d9e8cd0 Thread added: 0x000001337c94a890
Event: 0.066 Thread 0x000001335d9e8cd0 Thread added: 0x0000013345140e90
Event: 0.114 Thread 0x000001335d9e8cd0 Thread added: 0x0000013345319a10
Event: 0.114 Thread 0x000001335d9e8cd0 Thread added: 0x000001334531e090
Event: 0.248 Thread 0x000001337c94a890 Thread added: 0x000001337c94af60


Dynamic libraries:
0x00007ff6d04b0000 - 0x00007ff6d04be000 	C:\Users\keras\.jdks\openjdk-23.0.2\bin\java.exe
0x00007ffb17300000 - 0x00007ffb17563000 	C:\WINDOWS\SYSTEM32\ntdll.dll
0x00007ffb15b50000 - 0x00007ffb15c17000 	C:\WINDOWS\System32\KERNEL32.DLL
0x00007ffb14a60000 - 0x00007ffb14e29000 	C:\WINDOWS\System32\KERNELBASE.dll
0x00007ffb14860000 - 0x00007ffb149ac000 	C:\WINDOWS\System32\ucrtbase.dll
0x00007ffb0cb70000 - 0x00007ffb0cb8b000 	C:\Users\keras\.jdks\openjdk-23.0.2\bin\VCRUNTIME140.dll
0x00007ffb0cb90000 - 0x00007ffb0cba7000 	C:\Users\keras\.jdks\openjdk-23.0.2\bin\jli.dll
0x00007ffb15540000 - 0x00007ffb1570a000 	C:\WINDOWS\System32\USER32.dll
0x00007ffb00830000 - 0x00007ffb00ac0000 	C:\WINDOWS\WinSxS\amd64_microsoft.windows.common-controls_6595b64144ccf1df_6.0.26100.3323_none_3e088096e3344490\COMCTL32.dll
0x00007ffb14500000 - 0x00007ffb14527000 	C:\WINDOWS\System32\win32u.dll
0x00007ffb15120000 - 0x00007ffb151c9000 	C:\WINDOWS\System32\msvcrt.dll
0x00007ffb16820000 - 0x00007ffb1684a000 	C:\WINDOWS\System32\GDI32.dll
0x00007ffb145c0000 - 0x00007ffb146f1000 	C:\WINDOWS\System32\gdi32full.dll
0x00007ffb149b0000 - 0x00007ffb14a53000 	C:\WINDOWS\System32\msvcp_win.dll
0x00007ffb16b10000 - 0x00007ffb16b3f000 	C:\WINDOWS\System32\IMM32.DLL
0x00007ffb0f0a0000 - 0x00007ffb0f0ac000 	C:\Users\keras\.jdks\openjdk-23.0.2\bin\vcruntime140_1.dll
0x00007ffb03d70000 - 0x00007ffb03dfe000 	C:\Users\keras\.jdks\openjdk-23.0.2\bin\msvcp140.dll
0x00007ffa690f0000 - 0x00007ffa69e40000 	C:\Users\keras\.jdks\openjdk-23.0.2\bin\server\jvm.dll
0x00007ffb153d0000 - 0x00007ffb15482000 	C:\WINDOWS\System32\ADVAPI32.dll
0x00007ffb16fd0000 - 0x00007ffb17076000 	C:\WINDOWS\System32\sechost.dll
0x00007ffb159a0000 - 0x00007ffb15ab6000 	C:\WINDOWS\System32\RPCRT4.dll
0x00007ffb15710000 - 0x00007ffb15784000 	C:\WINDOWS\System32\WS2_32.dll
0x00007ffb141d0000 - 0x00007ffb1421e000 	C:\WINDOWS\SYSTEM32\POWRPROF.dll
0x00007ffb0c7c0000 - 0x00007ffb0c7cb000 	C:\WINDOWS\SYSTEM32\VERSION.dll
0x00007ffb0c780000 - 0x00007ffb0c7b6000 	C:\WINDOWS\SYSTEM32\WINMM.dll
0x00007ffb141b0000 - 0x00007ffb141c4000 	C:\WINDOWS\SYSTEM32\UMPDC.dll
0x00007ffb132e0000 - 0x00007ffb132fa000 	C:\WINDOWS\SYSTEM32\kernel.appcore.dll
0x00007ffb0f080000 - 0x00007ffb0f08a000 	C:\Users\keras\.jdks\openjdk-23.0.2\bin\jimage.dll
0x00007ffb11360000 - 0x00007ffb115a1000 	C:\WINDOWS\SYSTEM32\DBGHELP.DLL
0x00007ffb16b50000 - 0x00007ffb16ed2000 	C:\WINDOWS\System32\combase.dll
0x00007ffb16ee0000 - 0x00007ffb16fb6000 	C:\WINDOWS\System32\OLEAUT32.dll
0x00007ffae3e00000 - 0x00007ffae3e39000 	C:\WINDOWS\SYSTEM32\dbgcore.DLL
0x00007ffb147c0000 - 0x00007ffb14859000 	C:\WINDOWS\System32\bcryptPrimitives.dll
0x00007ffb01f40000 - 0x00007ffb01f4f000 	C:\Users\keras\.jdks\openjdk-23.0.2\bin\instrument.dll
0x00007ffb03e40000 - 0x00007ffb03e5e000 	C:\Users\keras\.jdks\openjdk-23.0.2\bin\java.dll
0x00007ffb168e0000 - 0x00007ffb16a75000 	C:\WINDOWS\System32\ole32.dll
0x00007ffb15c70000 - 0x00007ffb16385000 	C:\WINDOWS\System32\SHELL32.dll
0x00007ffb14e30000 - 0x00007ffb14f98000 	C:\WINDOWS\System32\wintypes.dll
0x00007ffb121a0000 - 0x00007ffb129e5000 	C:\WINDOWS\SYSTEM32\windows.storage.dll
0x00007ffb152e0000 - 0x00007ffb153cb000 	C:\WINDOWS\System32\SHCORE.dll
0x00007ffb17080000 - 0x00007ffb170dd000 	C:\WINDOWS\System32\shlwapi.dll
0x00007ffb14410000 - 0x00007ffb1443f000 	C:\WINDOWS\SYSTEM32\profapi.dll
0x00007ffafd450000 - 0x00007ffafd527000 	C:\Users\keras\.jdks\openjdk-23.0.2\bin\jsvml.dll
0x00007ffb01bd0000 - 0x00007ffb01be7000 	C:\Users\keras\.jdks\openjdk-23.0.2\bin\zip.dll
0x00007ffb01e60000 - 0x00007ffb01e70000 	C:\Users\keras\.jdks\openjdk-23.0.2\bin\net.dll
0x00007ffb137e0000 - 0x00007ffb1384a000 	C:\WINDOWS\system32\mswsock.dll
0x00007ffb01bf0000 - 0x00007ffb01c06000 	C:\Users\keras\.jdks\openjdk-23.0.2\bin\nio.dll
0x00007ffaffc10000 - 0x00007ffaffc2a000 	D:\IntelliJ IDEA 2024.3.3\bin\breakgen64.dll
0x00007ffb01e50000 - 0x00007ffb01e59000 	C:\Users\keras\.jdks\openjdk-23.0.2\bin\extnet.dll
0x00007ffaffc00000 - 0x00007ffaffc10000 	C:\Users\keras\.jdks\openjdk-23.0.2\bin\verify.dll
0x00007ffb12df0000 - 0x00007ffb12f15000 	C:\WINDOWS\SYSTEM32\DNSAPI.dll
0x00007ffb12db0000 - 0x00007ffb12de3000 	C:\WINDOWS\SYSTEM32\IPHLPAPI.DLL
0x00007ffb168d0000 - 0x00007ffb168da000 	C:\WINDOWS\System32\NSI.dll
0x00007ffb09a70000 - 0x00007ffb09a7b000 	C:\Windows\System32\rasadhlp.dll
0x00007ffb0db80000 - 0x00007ffb0dc05000 	C:\WINDOWS\System32\fwpuclnt.dll
0x00007ffafd440000 - 0x00007ffafd44a000 	C:\Users\keras\.jdks\openjdk-23.0.2\bin\management.dll
0x00007ffa67ad0000 - 0x00007ffa67b4a000 	C:\Users\keras\AppData\Local\Temp\lwjgl_keras\3.3.2+13\x64\lwjgl.dll
0x00007ffafd430000 - 0x00007ffafd43b000 	C:\Users\keras\.jdks\openjdk-23.0.2\bin\management_ext.dll
0x00007ffb152d0000 - 0x00007ffb152d8000 	C:\WINDOWS\System32\PSAPI.DLL
0x00007ffa96ac0000 - 0x00007ffa96b1e000 	C:\Users\keras\AppData\Local\Temp\lwjgl_keras\3.3.2+13\x64\lwjgl_opengl.dll
0x00007ffaa72b0000 - 0x00007ffaa73bc000 	C:\WINDOWS\SYSTEM32\opengl32.dll
0x00007ffaa7100000 - 0x00007ffaa712d000 	C:\WINDOWS\SYSTEM32\GLU32.dll
0x00007ffb11ad0000 - 0x00007ffb11b17000 	C:\WINDOWS\SYSTEM32\dxcore.dll
0x00007ffb13b90000 - 0x00007ffb13bac000 	C:\WINDOWS\SYSTEM32\CRYPTSP.dll
0x00007ffb13240000 - 0x00007ffb1327a000 	C:\WINDOWS\system32\rsaenh.dll
0x00007ffb13880000 - 0x00007ffb138ab000 	C:\WINDOWS\SYSTEM32\USERENV.dll

dbghelp: loaded successfully - version: 4.0.5 - missing functions: none
symbol engine: initialized successfully - sym options: 0x614 - pdb path: .;C:\Users\keras\.jdks\openjdk-23.0.2\bin;C:\WINDOWS\SYSTEM32;C:\WINDOWS\WinSxS\amd64_microsoft.windows.common-controls_6595b64144ccf1df_6.0.26100.3323_none_3e088096e3344490;C:\Users\keras\.jdks\openjdk-23.0.2\bin\server;D:\IntelliJ IDEA 2024.3.3\bin;C:\Users\keras\AppData\Local\Temp\lwjgl_keras\3.3.2+13\x64

VM Arguments:
jvm_args: -javaagent:D:\IntelliJ IDEA 2024.3.3\lib\idea_rt.jar=63436:D:\IntelliJ IDEA 2024.3.3\bin -Dfile.encoding=UTF-8 -Dsun.stdout.encoding=UTF-8 -Dsun.stderr.encoding=UTF-8 
java_command: com.keras1n.test.Launcher
java_class_path (initial): C:\Users\keras\Desktop\JGame\target\classes;C:\Users\keras\.m2\repository\org\lwjgl\lwjgl\3.3.2\lwjgl-3.3.2.jar;C:\Users\keras\.m2\repository\org\lwjgl\lwjgl-glfw\3.3.2\lwjgl-glfw-3.3.2.jar;C:\Users\keras\.m2\repository\org\lwjgl\lwjgl-opengl\3.3.2\lwjgl-opengl-3.3.2.jar;C:\Users\keras\.m2\repository\org\lwjgl\lwjgl\3.3.2\lwjgl-3.3.2-natives-windows.jar;C:\Users\keras\.m2\repository\org\lwjgl\lwjgl-glfw\3.3.2\lwjgl-glfw-3.3.2-natives-windows.jar;C:\Users\keras\.m2\repository\org\lwjgl\lwjgl-opengl\3.3.2\lwjgl-opengl-3.3.2-natives-windows.jar;C:\Users\keras\.m2\repository\org\joml\joml\1.10.0\joml-1.10.0.jar;C:\Users\keras\.m2\repository\org\lwjgl\lwjgl-stb\3.3.2\lwjgl-stb-3.3.2.jar;C:\Users\keras\.m2\repository\org\lwjgl\lwjgl-stb\3.3.2\lwjgl-stb-3.3.2-natives-windows.jar
Launcher Type: SUN_STANDARD

[Global flags]
     intx CICompilerCount                          = 4                                         {product} {ergonomic}
     uint ConcGCThreads                            = 3                                         {product} {ergonomic}
     uint G1ConcRefinementThreads                  = 10                                        {product} {ergonomic}
   size_t G1HeapRegionSize                         = 2097152                                   {product} {ergonomic}
   size_t InitialHeapSize                          = 260046848                                 {product} {ergonomic}
   size_t MarkStackSize                            = 4194304                                   {product} {ergonomic}
   size_t MarkStackSizeMax                         = 536870912                                 {product} {ergonomic}
   size_t MaxHeapSize                              = 4139778048                                {product} {ergonomic}
   size_t MaxNewSize                               = 2483027968                                {product} {ergonomic}
   size_t MinHeapDeltaBytes                        = 2097152                                   {product} {ergonomic}
   size_t MinHeapSize                              = 8388608                                   {product} {ergonomic}
    uintx NonNMethodCodeHeapSize                   = 5832704                                {pd product} {ergonomic}
    uintx NonProfiledCodeHeapSize                  = 122945536                              {pd product} {ergonomic}
    uintx ProfiledCodeHeapSize                     = 122880000                              {pd product} {ergonomic}
    uintx ReservedCodeCacheSize                    = 251658240                              {pd product} {ergonomic}
     bool SegmentedCodeCache                       = true                                      {product} {ergonomic}
   size_t SoftMaxHeapSize                          = 4139778048                             {manageable} {ergonomic}
     bool UseCompressedOops                        = true                           {product lp64_product} {ergonomic}
     bool UseG1GC                                  = true                                      {product} {ergonomic}
     bool UseLargePagesIndividualAllocation        = false                                  {pd product} {ergonomic}

Logging:
Log output configuration:
 #0: stdout all=warning uptime,level,tags foldmultilines=false
 #1: stderr all=off uptime,level,tags foldmultilines=false

Environment Variables:
JAVA_HOME=C:\Program Files\Eclipse Adoptium\jdk-17.0.14.7-hotspot\
PATH=C:\Program Files\Eclipse Adoptium\jdk-17.0.14.7-hotspot\bin;C:\Program Files (x86)\Common Files\Oracle\Java\java8path;C:\Program Files (x86)\Common Files\Oracle\Java\javapath;C:\WINDOWS\system32;C:\WINDOWS;C:\WINDOWS\System32\Wbem;C:\WINDOWS\System32\WindowsPowerShell\v1.0\;C:\WINDOWS\System32\OpenSSH\;C:\Program Files (x86)\NVIDIA Corporation\PhysX\Common;C:\Program Files\dotnet\;C:\Program Files\NVIDIA Corporation\NVIDIA app\NvDLISR;C:\Program Files\Java\jre-1.8\bin\javaw.exe;C:\Program Files\Java\jre-1.8\bin;C:\Program Files\nodejs\;C:\Program Files\Git\cmd;C:\Users\keras\AppData\Local\Programs\Python\Launcher\;C:\Users\keras\AppData\Local\Microsoft\WindowsApps;C:\Users\keras\AppData\Local\Programs\Microsoft VS Code\bin;D:\ffmpeg;C:\Users\keras\AppData\Local\Muse Hub\lib;C:\Users\keras\AppData\Roaming\npm;C:\Program Files\nodejs;D:\xampp2\php;D:\VS Code\bin;C:\Users\keras\.dotnet\tools;C:\Users\keras\AppData\Local\Android\Sdk\platform-tools;
USERNAME=keras
OS=Windows_NT
PROCESSOR_IDENTIFIER=AMD64 Family 23 Model 96 Stepping 1, AuthenticAMD
TMP=C:\Users\keras\AppData\Local\Temp
TEMP=C:\Users\keras\AppData\Local\Temp




Periodic native trim disabled

---------------  S Y S T E M  ---------------

OS:
 Windows 11 , 64 bit Build 26100 (10.0.26100.3323)
OS uptime: 1 days 11:39 hours
Hyper-V role detected

CPU: total 12 (initial active 12) (12 cores per cpu, 2 threads per core) family 23 model 96 stepping 1 microcode 0x8600106, cx8, cmov, fxsr, ht, mmx, 3dnowpref, sse, sse2, sse3, ssse3, sse4a, sse4.1, sse4.2, popcnt, lzcnt, tsc, tscinvbit, avx, avx2, aes, clmul, bmi1, bmi2, adx, sha, fma, vzeroupper, clflush, clflushopt, hv, rdtscp, rdpid, f16c
Processor Information for the first 12 processors :
  Max Mhz: 3001, Current Mhz: 3001, Mhz Limit: 3001

Memory: 4k page, system-wide physical 15789M (4413M free)
TotalPageFile size 28998M (AvailPageFile size 4523M)
current process WorkingSet (physical memory assigned to process): 76M, peak: 76M
current process commit charge ("private bytes"): 356M, peak: 356M

vm_info: OpenJDK 64-Bit Server VM (23.0.2+7-58) for windows-amd64 JRE (23.0.2+7-58), built on 2024-11-29T09:34:55Z with MS VC++ 17.6 (VS2022)

END.
