#
# A fatal error has been detected by the Java Runtime Environment:
#
#  EXCEPTION_ACCESS_VIOLATION (0xc0000005) at pc=0x00007ffd70431728, pid=13384, tid=8504
#
# JRE version: OpenJDK Runtime Environment (23.0.2+7) (build 23.0.2+7-58)
# Java VM: OpenJDK 64-Bit Server VM (23.0.2+7-58, mixed mode, sharing, tiered, compressed oops, compressed class ptrs, g1 gc, windows-amd64)
# Problematic frame:
# C  [glfw.dll+0x11728]
#
# No core dump will be written. Minidumps are not enabled by default on client versions of Windows
#
# If you would like to submit a bug report, please visit:
#   https://bugreport.java.com/bugreport/crash.jsp
# The crash happened outside the Java Virtual Machine in native code.
# See problematic frame for where to report the bug.
#

---------------  S U M M A R Y ------------

Command Line: -javaagent:D:\IntelliJ IDEA 2024.3.3\lib\idea_rt.jar=57414:D:\IntelliJ IDEA 2024.3.3\bin -Dfile.encoding=UTF-8 -Dsun.stdout.encoding=UTF-8 -Dsun.stderr.encoding=UTF-8 com.keras1n.test.Launcher

Host: AMD Ryzen 5 4600H with Radeon Graphics         , 12 cores, 15G,  Windows 11 , 64 bit Build 26100 (10.0.26100.3037)
Time: Tue Mar  4 19:21:32 2025  Windows 11 , 64 bit Build 26100 (10.0.26100.3037) elapsed time: 0.287161 seconds (0d 0h 0m 0s)

---------------  T H R E A D  ---------------

Current thread (0x000002b5cce724e0):  JavaThread "main"             [_thread_in_native, id=8504, stack(0x000000eb1d600000,0x000000eb1d700000) (1024K)]

Stack: [0x000000eb1d600000,0x000000eb1d700000],  sp=0x000000eb1d6fec30,  free space=1019k
Native frames: (J=compiled Java code, j=interpreted, Vv=VM code, C=native code)
C  [glfw.dll+0x11728]  (no source info available)
C  [glfw.dll+0xf208]  (no source info available)
C  [glfw.dll+0x6eb0]  (no source info available)
C  0x000002b5defdd207  (no source info available)

The last pc belongs to native method entry point (kind = native) (printed below).
Java frames: (J=compiled Java code, j=interpreted, Vv=VM code)
j  org.lwjgl.system.JNI.invokePPPP(IIJJJJ)J+0
j  org.lwjgl.glfw.GLFW.nglfwCreateWindow(IIJJJ)J+14
j  org.lwjgl.glfw.GLFW.glfwCreateWindow(IILjava/lang/CharSequence;JJ)J+34
j  com.keras1n.test.Launcher.init()V+27
j  com.keras1n.test.Launcher.run()V+1
j  com.keras1n.test.Launcher.main([Ljava/lang/String;)V+7
v  ~StubRoutines::call_stub 0x000002b5defd0fcd

siginfo: EXCEPTION_ACCESS_VIOLATION (0xc0000005), reading address 0x0000000000000101


Registers:
RAX=0x0000000000000000, RBX=0x000002b5c52cf160, RCX=0x0000000000000001, RDX=0x000000eb1d6fecb8
RSP=0x000000eb1d6fec30, RBP=0x000000eb1d6fed30, RSI=0x000000eb1d6fee20, RDI=0x0000000086000000
R8 =0x0000000000000108, R9 =0x000000eb1d6fe858, R10=0x00007ffd70420108, R11=0x0000000000000000
R12=0x0000000086000000, R13=0x0000000000000000, R14=0x0000000000040008, R15=0x0000000086000000
RIP=0x00007ffd70431728, EFLAGS=0x0000000000010246


Register to memory mapping:

RAX=0x0 is null
RBX=0x000002b5c52cf160 points into unknown readable memory: 0x0000000000000000 | 00 00 00 00 00 00 00 00
RCX=0x0000000000000001 is an unknown value
RDX=0x000000eb1d6fecb8 is pointing into the stack for thread: 0x000002b5cce724e0
RSP=0x000000eb1d6fec30 is pointing into the stack for thread: 0x000002b5cce724e0
RBP=0x000000eb1d6fed30 is pointing into the stack for thread: 0x000002b5cce724e0
RSI=0x000000eb1d6fee20 is pointing into the stack for thread: 0x000002b5cce724e0
RDI=0x0000000086000000 is an unknown value
R8 =0x0000000000000108 is an unknown value
R9 =0x000000eb1d6fe858 is pointing into the stack for thread: 0x000002b5cce724e0
R10=0x00007ffd70420108 glfw.dll
R11=0x0 is null
R12=0x0000000086000000 is an unknown value
R13=0x0 is null
R14=0x0000000000040008 is an unknown value
R15=0x0000000086000000 is an unknown value

Top of Stack: (sp=0x000000eb1d6fec30)
0x000000eb1d6fec30:   000002b5c52cf160 000000eb1d6fed30
0x000000eb1d6fec40:   000000eb1d6fee20 0000000086000000
0x000000eb1d6fec50:   0000000000000000 000002b500008040
0x000000eb1d6fec60:   000002b5defdbdc0 000000eb1d6feed8
0x000000eb1d6fec70:   000021a800000002 00007ffd5ef64d95
0x000000eb1d6fec80:   0000000000000000 000002b5eea7b560
0x000000eb1d6fec90:   000002b580477cd0 0000000000000000
0x000000eb1d6feca0:   000000eb1d6ff270 000002b5deff5dc0
0x000000eb1d6fecb0:   0000000000000000 0000000000000028
0x000000eb1d6fecc0:   0000000000000000 0000000000000000
0x000000eb1d6fecd0:   0000000000000000 0000000000000000
0x000000eb1d6fece0:   0000002300000050 00007ffd70432710
0x000000eb1d6fecf0:   0000000000000000 00007ffd70420000
0x000000eb1d6fed00:   000000000001002b 0000000000010003
0x000000eb1d6fed10:   0000000000000000 0000000000000000
0x000000eb1d6fed20:   00007ffd70485a50 0000000000000000
0x000000eb1d6fed30:   0000b41bdd966e80 0000000000000001
0x000000eb1d6fed40:   000002b5cce724e0 0000000000000001
0x000000eb1d6fed50:   000002b5c14ac560 0000000000000000
0x000000eb1d6fed60:   000000eb1d6fede0 000000eb1d6fee20
0x000000eb1d6fed70:   000000eb1d6ff270 00007ffd7042f208
0x000000eb1d6fed80:   00000000000003e8 00007ffd70422354
0x000000eb1d6fed90:   000002b5c52cf160 ffffffffffffffff
0x000000eb1d6feda0:   0000000000000040 00007ffd5f7c2288
0x000000eb1d6fedb0:   0000000000000320 00007ffd70426eb0
0x000000eb1d6fedc0:   000002b5c52cf160 000000eb1d6feec0
0x000000eb1d6fedd0:   0000000000000258 00007ffd5f261974
0x000000eb1d6fede0:   0003600100030001 0000000000000001
0x000000eb1d6fedf0:   0000000000000000 0000000000000000
0x000000eb1d6fee00:   0000000000000000 0000000000000000
0x000000eb1d6fee10:   0000000000000000 00007ffd5f7c2288
0x000000eb1d6fee20:   8000000080000000 0000025800000320 

Instructions: (pc=0x00007ffd70431728)
0x00007ffd70431628:   00 0f 57 c0 48 89 45 f4 89 45 fc ba 00 7f 00 00
0x00007ffd70431638:   0f 11 45 b4 48 8d 05 cd 10 00 00 c7 45 b4 23 00
0x00007ffd70431648:   00 00 48 89 45 b8 33 c9 48 8b 05 91 7b 06 00 0f
0x00007ffd70431658:   11 45 c4 48 89 45 c8 0f 11 45 d4 0f 11 45 e4 ff
0x00007ffd70431668:   15 f3 ed 01 00 48 89 45 d8 33 c9 48 8d 05 d6 43
0x00007ffd70431678:   05 00 48 89 45 f0 ff 15 14 ea 01 00 c7 44 24 28
0x00007ffd70431688:   40 80 00 00 45 8d 45 01 48 8b c8 44 89 6c 24 20
0x00007ffd70431698:   45 33 c9 48 8d 15 be 43 05 00 ff 15 88 ec 01 00
0x00007ffd704316a8:   48 89 45 d0 48 85 c0 75 25 c7 44 24 28 40 80 00
0x00007ffd704316b8:   00 45 8d 45 01 45 33 c9 44 89 6c 24 20 ba 00 7f
0x00007ffd704316c8:   00 00 33 c9 ff 15 5e ec 01 00 48 89 45 d0 48 8d
0x00007ffd704316d8:   4d b0 ff 15 98 ee 01 00 66 89 05 13 7b 06 00 66
0x00007ffd704316e8:   85 c0 75 18 48 8d 15 85 43 05 00 b9 08 00 01 00
0x00007ffd704316f8:   e8 43 a7 ff ff 33 c0 e9 dd 03 00 00 48 8b 4b 50
0x00007ffd70431708:   48 85 c9 74 42 0f 57 c0 c7 45 88 28 00 00 00 33
0x00007ffd70431718:   c0 48 8d 55 88 0f 11 45 8c 89 45 ac 0f 11 45 9c
0x00007ffd70431728:   48 8b 89 00 01 00 00 ff 15 d3 ed 01 00 8b 45 90
0x00007ffd70431738:   8b 7d 94 44 8b 6d 8c 41 2b fd 44 8b 65 98 44 2b
0x00007ffd70431748:   e0 89 44 24 60 eb 7a 8b 46 08 48 8d 4c 24 78 89
0x00007ffd70431758:   45 80 44 8b ff 8b 46 0c 41 0f ba ef 18 89 45 84
0x00007ffd70431768:   45 8b ce 8b 46 30 89 83 7c 03 00 00 44 39 6e 30
0x00007ffd70431778:   4c 89 6c 24 78 45 0f 44 fc 45 33 c0 41 8b d7 ff
0x00007ffd70431788:   15 53 ec 01 00 8b 06 8b 4c 24 7c 8b 54 24 78 3d
0x00007ffd70431798:   00 00 00 80 75 12 39 46 04 75 0d 41 bd 00 00 00
0x00007ffd704317a8:   80 44 89 6c 24 60 eb 0d 44 8d 2c 10 8b 46 04 03
0x00007ffd704317b8:   c1 89 44 24 60 8b 7d 80 44 8b 65 84 2b fa 44 2b
0x00007ffd704317c8:   e1 48 8b 4e 10 e8 ce a0 ff ff 48 89 44 24 68 48
0x00007ffd704317d8:   8b c8 48 85 c0 0f 84 1a ff ff ff 48 8b 05 fe 79
0x00007ffd704317e8:   06 00 4c 8b c1 0f b7 15 06 7a 06 00 45 8b cf 48
0x00007ffd704317f8:   89 74 24 58 41 8b ce 48 89 44 24 50 33 c0 48 89
0x00007ffd70431808:   44 24 48 48 89 44 24 40 8b 44 24 60 44 89 64 24
0x00007ffd70431818:   38 89 7c 24 30 89 44 24 28 44 89 6c 24 20 ff 15 


Stack slot to memory mapping:

stack at sp + 0 slots: 0x000002b5c52cf160 points into unknown readable memory: 0x0000000000000000 | 00 00 00 00 00 00 00 00
stack at sp + 1 slots: 0x000000eb1d6fed30 is pointing into the stack for thread: 0x000002b5cce724e0
stack at sp + 2 slots: 0x000000eb1d6fee20 is pointing into the stack for thread: 0x000002b5cce724e0
stack at sp + 3 slots: 0x0000000086000000 is an unknown value
stack at sp + 4 slots: 0x0 is null
stack at sp + 5 slots: 0x000002b500008040 is an unknown value
stack at sp + 6 slots: 0x000002b5defdbdc0 is at code_begin+0 in an Interpreter codelet
method entry point (kind = zerolocals)  [0x000002b5defdbdc0, 0x000002b5defdc188]  968 bytes
stack at sp + 7 slots: 0x000000eb1d6feed8 is pointing into the stack for thread: 0x000002b5cce724e0

Lock stack of current Java thread (top to bottom):

native method entry point (kind = native)  [0x000002b5defdcde0, 0x000002b5defdd938]  2904 bytes
[MachCode]
  0x000002b5defdcde0: 488b 4b08 | 0fb7 492e | 584c 8d74 | ccf8 6800 | 0000 0068 | 0000 0000 | 5055 488b | ec41 5568 
  0x000002b5defdce00: 0000 0000 | 4c8b 6b08 | 4d8d 6d38 | 5348 8b53 | 0848 8b52 | 0848 8b52 | 1848 8b52 | 7048 8b12 
  0x000002b5defdce20: 5248 8b53 | 1048 85d2 | 0f84 0700 | 0000 4881 | c210 0100 | 0052 488b | 5308 488b | 5208 488b 
  0x000002b5defdce40: 5210 5249 | 8bc6 482b | c548 c1e8 | 0350 6800 | 0000 0068 | f7ff ffff | 41c6 8771 | 0400 0001 
  0x000002b5defdce60: 488b 4310 | 4885 c074 | 208b 88cc | 0000 0083 | c102 8988 | cc00 0000 | 2388 e000 | 0000 0f84 
  0x000002b5defdce80: 000a 0000 | e9cf 0000 | 0048 8b43 | 1848 85c0 | 0f85 b000 | 0000 e805 | 0000 00e9 | 9900 0000 
  0x000002b5defdcea0: 488b d348 | 8d44 2408 | 4c89 6dc0 | 498b cfc5 | f877 4989 | afb0 0300 | 0049 8987 | a003 0000 
  0x000002b5defdcec0: 4883 ec20 | 40f6 c40f | 0f84 1900 | 0000 4883 | ec08 48b8 | 8028 265f | fd7f 0000 | ffd0 4883 
  0x000002b5defdcee0: c408 e90c | 0000 0048 | b880 2826 | 5ffd 7f00 | 00ff d048 | 83c4 2049 | c787 a003 | 0000 0000 
  0x000002b5defdcf00: 0000 49c7 | 87b0 0300 | 0000 0000 | 0049 c787 | a803 0000 | 0000 0000 | c5f8 7749 | 837f 0800 
  0x000002b5defdcf20: 0f84 0500 | 0000 e995 | 3fff ff4c | 8b6d c04c | 8b75 c84e | 8d74 f500 | c348 8b43 | 1848 85c0 
  0x000002b5defdcf40: 0f84 1200 | 0000 8b48 | 0883 c102 | 8948 0823 | 481c 0f84 | 2c09 0000 | 493b a7e8 | 0400 000f 
  0x000002b5defdcf60: 8748 0000 | 0089 8424 | 00f0 ffff | 8984 2400 | e0ff ff89 | 8424 00d0 | ffff 8984 | 2400 c0ff 
  0x000002b5defdcf80: ff89 8424 | 00b0 ffff | 8984 2400 | a0ff ff89 | 8424 0090 | ffff 8984 | 2400 80ff | ff49 3ba7 
  0x000002b5defdcfa0: e004 0000 | 7607 4989 | a7e8 0400 | 0041 c687 | 7104 0000 | 0049 ba41 | bdad 5ffd | 7f00 0041 
  0x000002b5defdcfc0: 803a 000f | 843e 0000 | 0048 8b55 | e849 8bcf | 4883 ec20 | 40f6 c40f | 0f84 1900 | 0000 4883 
  0x000002b5defdcfe0: ec08 48b8 | f0f0 5d5f | fd7f 0000 | ffd0 4883 | c408 e90c | 0000 0048 | b8f0 f05d | 5ffd 7f00 
  0x000002b5defdd000: 00ff d048 | 83c4 2048 | 8b5d e84c | 8b5b 0845 | 0fb7 5b2e | 41c1 e303 | 492b e348 | 83ec 2048 
  0x000002b5defdd020: 83e4 f04c | 8b5b 604d | 85db 0f85 | ab00 0000 | e805 0000 | 00e9 9900 | 0000 488b | d348 8d44 
  0x000002b5defdd040: 2408 4c89 | 6dc0 498b | cfc5 f877 | 4989 afb0 | 0300 0049 | 8987 a003 | 0000 4883 | ec20 40f6 
  0x000002b5defdd060: c40f 0f84 | 1900 0000 | 4883 ec08 | 48b8 e04f | 265f fd7f | 0000 ffd0 | 4883 c408 | e90c 0000 
  0x000002b5defdd080: 0048 b8e0 | 4f26 5ffd | 7f00 00ff | d048 83c4 | 2049 c787 | a003 0000 | 0000 0000 | 49c7 87b0 
  0x000002b5defdd0a0: 0300 0000 | 0000 0049 | c787 a803 | 0000 0000 | 0000 c5f8 | 7749 837f | 0800 0f84 | 0500 0000 
  0x000002b5defdd0c0: e9fb 3dff | ff4c 8b6d | c04c 8b75 | c84e 8d74 | f500 c348 | 8b5d e84c | 8b5b 6041 | ffd3 488b 
  0x000002b5defdd0e0: 5de8 4889 | 4518 448b | 5b28 41f6 | c308 0f84 | 1b00 0000 | 4c8b 5b08 | 4d8b 5b08 | 4d8b 5b18 
  0x000002b5defdd100: 4d8b 5b70 | 4d8b 1b4c | 895d 1048 | 8d55 1048 | 8b43 5849 | ba40 3f5e | 5ffd 7f00 | 0049 3bc2 
  0x000002b5defdd120: 0f85 ab00 | 0000 e805 | 0000 00e9 | 9900 0000 | 488b d348 | 8d44 2408 | 4c89 6dc0 | 498b cfc5 
  0x000002b5defdd140: f877 4989 | afb0 0300 | 0049 8987 | a003 0000 | 4883 ec20 | 40f6 c40f | 0f84 1900 | 0000 4883 
  0x000002b5defdd160: ec08 48b8 | e04f 265f | fd7f 0000 | ffd0 4883 | c408 e90c | 0000 0048 | b8e0 4f26 | 5ffd 7f00 
  0x000002b5defdd180: 00ff d048 | 83c4 2049 | c787 a003 | 0000 0000 | 0000 49c7 | 87b0 0300 | 0000 0000 | 0049 c787 
  0x000002b5defdd1a0: a803 0000 | 0000 0000 | c5f8 7749 | 837f 0800 | 0f84 0500 | 0000 e905 | 3dff ff4c | 8b6d c04c 
  0x000002b5defdd1c0: 8b75 c84e | 8d74 f500 | c348 8b5d | e848 8b43 | 5849 8d8f | c003 0000 | c5f8 7749 | 89af b003 
  0x000002b5defdd1e0: 0000 49ba | d8d1 fdde | b502 0000 | 4d89 97a8 | 0300 0049 | 89a7 a003 | 0000 41c7 | 8744 0400 
  0x000002b5defdd200: 0004 0000 | 00ff d0c5 | f877 4883 | ec10 c5fb | 1104 2448 | 83ec 1048 | 8904 2448 | c744 2408 
  0x000002b5defdd220: 0000 0000 | 41c7 8744 | 0400 0005 | 0000 00f0 | 8344 24c0 | 0049 3baf | 4804 0000 | 0f87 0e00 
  0x000002b5defdd240: 0000 4183 | bf40 0400 | 0000 0f84 | 2000 0000 | 498b cf4c | 8be4 4883 | ec20 4883 | e4f0 48b8 
  0x000002b5defdd260: 80ab 275f | fd7f 0000 | ffd0 498b | e44d 33e4 | 41c7 8744 | 0400 0008 | 0000 0049 | c787 a003 
  0x000002b5defdd280: 0000 0000 | 0000 49c7 | 87b0 0300 | 0000 0000 | 0049 c787 | a803 0000 | 0000 0000 | c5f8 774d 
  0x000002b5defdd2a0: 8b9f 3004 | 0000 41c7 | 8300 0100 | 0000 0000 | 0049 bbda | a5fd deb5 | 0200 004c | 3b5d 180f 
  0x000002b5defdd2c0: 8524 0200 | 0048 8b04 | 2448 83c4 | 1048 85c0 | 0f84 fe01 | 0000 a803 | 0f85 0800 | 0000 488b 
  0x000002b5defdd2e0: 00e9 ee01 | 0000 a801 | 0f85 0900 | 0000 488b | 40fe e9dd | 0100 0048 | 8b40 ff41 | 807f 3800 
  0x000002b5defdd300: 0f84 ce01 | 0000 4883 | f800 0f84 | c401 0000 | 4d8b 5f28 | 4983 fb00 | 0f84 1400 | 0000 4983 
  0x000002b5defdd320: eb08 4d89 | 5f28 4d03 | 5f30 4989 | 03e9 a201 | 0000 4881 | ecd0 0000 | 0048 8904 | 2448 894c 
  0x000002b5defdd340: 2408 4889 | 5424 1048 | 8974 2418 | 4889 7c24 | 204c 8944 | 2428 4c89 | 4c24 304c | 8954 2438 
  0x000002b5defdd360: 4c89 5c24 | 40c5 fb11 | 4424 50c5 | fb11 4c24 | 58c5 fb11 | 5424 60c5 | fb11 5c24 | 68c5 fb11 
  0x000002b5defdd380: 6424 70c5 | fb11 6c24 | 78c5 fb11 | b424 8000 | 0000 c5fb | 11bc 2488 | 0000 00c5 | 7b11 8424 
  0x000002b5defdd3a0: 9000 0000 | c57b 118c | 2498 0000 | 00c5 7b11 | 9424 a000 | 0000 c57b | 119c 24a8 | 0000 00c5 
  0x000002b5defdd3c0: 7b11 a424 | b000 0000 | c57b 11ac | 24b8 0000 | 00c5 7b11 | b424 c000 | 0000 c57b | 11bc 24c8 
  0x000002b5defdd3e0: 0000 0049 | 8bd7 488b | c848 83ec | 2040 f6c4 | 0f0f 8419 | 0000 0048 | 83ec 0848 | b800 091b 
  0x000002b5defdd400: 5ffd 7f00 | 00ff d048 | 83c4 08e9 | 0c00 0000 | 48b8 0009 | 1b5f fd7f | 0000 ffd0 | 4883 c420 
  0x000002b5defdd420: c57b 10bc | 24c8 0000 | 00c5 7b10 | b424 c000 | 0000 c57b | 10ac 24b8 | 0000 00c5 | 7b10 a424 
  0x000002b5defdd440: b000 0000 | c57b 109c | 24a8 0000 | 00c5 7b10 | 9424 a000 | 0000 c57b | 108c 2498 | 0000 00c5 
  0x000002b5defdd460: 7b10 8424 | 9000 0000 | c5fb 10bc | 2488 0000 | 00c5 fb10 | b424 8000 | 0000 c5fb | 106c 2478 
  0x000002b5defdd480: c5fb 1064 | 2470 c5fb | 105c 2468 | c5fb 1054 | 2460 c5fb | 104c 2458 | c5fb 1044 | 2450 4c8b 
  0x000002b5defdd4a0: 5c24 404c | 8b54 2438 | 4c8b 4c24 | 304c 8b44 | 2428 488b | 7c24 2048 | 8b74 2418 | 488b 5424 
  0x000002b5defdd4c0: 1048 8b4c | 2408 488b | 0424 4881 | c4d0 0000 | 00c5 f877 | 4889 4510 | 4883 ec10 | 4889 0424 
  0x000002b5defdd4e0: 48c7 4424 | 0800 0000 | 0041 83bf | c804 0000 | 020f 85bf | 0000 0048 | 81ec 8000 | 0000 4889 
  0x000002b5defdd500: 4424 7848 | 894c 2470 | 4889 5424 | 6848 895c | 2460 4889 | 6c24 5048 | 8974 2448 | 4889 7c24 
  0x000002b5defdd520: 404c 8944 | 2438 4c89 | 4c24 304c | 8954 2428 | 4c89 5c24 | 204c 8964 | 2418 4c89 | 6c24 104c 
  0x000002b5defdd540: 8974 2408 | 4c89 3c24 | 4c8b e448 | 83ec 2048 | 83e4 f048 | b8a0 255e | 5ffd 7f00 | 00ff d049 
  0x000002b5defdd560: 8be4 4c8b | 3c24 4c8b | 7424 084c | 8b6c 2410 | 4c8b 6424 | 184c 8b5c | 2420 4c8b | 5424 284c 
  0x000002b5defdd580: 8b4c 2430 | 4c8b 4424 | 3848 8b7c | 2440 488b | 7424 4848 | 8b6c 2450 | 488b 5c24 | 6048 8b54 
  0x000002b5defdd5a0: 2468 488b | 4c24 7048 | 8b44 2478 | 4881 c480 | 0000 004d | 33e4 488b | 5de8 4c8b | 6b08 4d8d 
  0x000002b5defdd5c0: 6d38 4983 | 7f08 000f | 84bb 0000 | 00e8 0500 | 0000 e996 | 0000 0048 | 8d44 2408 | 4c89 6dc0 
  0x000002b5defdd5e0: 498b cfc5 | f877 4989 | afb0 0300 | 0049 8987 | a003 0000 | 4883 ec20 | 40f6 c40f | 0f84 1900 
  0x000002b5defdd600: 0000 4883 | ec08 48b8 | f06d 265f | fd7f 0000 | ffd0 4883 | c408 e90c | 0000 0048 | b8f0 6d26 
  0x000002b5defdd620: 5ffd 7f00 | 00ff d048 | 83c4 2049 | c787 a003 | 0000 0000 | 0000 49c7 | 87b0 0300 | 0000 0000 
  0x000002b5defdd640: 0049 c787 | a803 0000 | 0000 0000 | c5f8 7749 | 837f 0800 | 0f84 0500 | 0000 e961 | 38ff ff4c 
  0x000002b5defdd660: 8b6d c04c | 8b75 c84e | 8d74 f500 | c348 b930 | e585 5ffd | 7f00 0048 | 83e4 f048 | b850 4d4c 
  0x000002b5defdd680: 5ffd 7f00 | 00ff d0f4 | 448b 5b28 | 41f6 c320 | 0f84 7901 | 0000 488d | 55a8 4c8b | 5a08 4d85 
  0x000002b5defdd6a0: db0f 85bb | 0000 00e8 | 0500 0000 | e996 0000 | 0048 8d44 | 2408 4c89 | 6dc0 498b | cfc5 f877 
  0x000002b5defdd6c0: 4989 afb0 | 0300 0049 | 8987 a003 | 0000 4883 | ec20 40f6 | c40f 0f84 | 1900 0000 | 4883 ec08 
  0x000002b5defdd6e0: 48b8 206d | 265f fd7f | 0000 ffd0 | 4883 c408 | e90c 0000 | 0048 b820 | 6d26 5ffd | 7f00 00ff 
  0x000002b5defdd700: d048 83c4 | 2049 c787 | a003 0000 | 0000 0000 | 49c7 87b0 | 0300 0000 | 0000 0049 | c787 a803 
  0x000002b5defdd720: 0000 0000 | 0000 c5f8 | 7749 837f | 0800 0f84 | 0500 0000 | e987 37ff | ff4c 8b6d | c04c 8b75 
  0x000002b5defdd740: c84e 8d74 | f500 c348 | b930 e585 | 5ffd 7f00 | 0048 83e4 | f048 b850 | 4d4c 5ffd | 7f00 00ff 
  0x000002b5defdd760: d0f4 4c89 | 6dc0 4c8b | 4a08 48c7 | 4208 0000 | 0000 458b | 8718 0600 | 004f 3b4c | 07f8 0f85 
  0x000002b5defdd780: 4900 0000 | 4183 af18 | 0600 0008 | 4f3b 4c07 | f00f 842a | 0000 0049 | 8b01 a802 | 0f85 1200 
  0x000002b5defdd7a0: 0000 4c8b | c049 83c8 | 01f0 4d0f | b101 0f84 | 0d00 0000 | 4183 8718 | 0600 0008 | e90c 0000 
  0x000002b5defdd7c0: 0049 ff8f | 5005 0000 | e93e 0000 | 004c 894a | 0848 8bca | 4883 ec20 | 40f6 c40f | 0f84 1900 
  0x000002b5defdd7e0: 0000 4883 | ec08 48b8 | e03f 265f | fd7f 0000 | ffd0 4883 | c408 e90c | 0000 0048 | b8e0 3f26 
  0x000002b5defdd800: 5ffd 7f00 | 00ff d048 | 83c4 204c | 8b6d c049 | ba41 bdad | 5ffd 7f00 | 0041 803a | 000f 843e 
  0x000002b5defdd820: 0000 0048 | 8b55 e849 | 8bcf 4883 | ec20 40f6 | c40f 0f84 | 1900 0000 | 4883 ec08 | 48b8 f0f0 
  0x000002b5defdd840: 5d5f fd7f | 0000 ffd0 | 4883 c408 | e90c 0000 | 0048 b8f0 | f05d 5ffd | 7f00 00ff | d048 83c4 
  0x000002b5defdd860: 2048 8b04 | 2448 83c4 | 10c5 fb10 | 0424 4883 | c410 4c8b | 5d18 41ff | d34c 8b5d | f8c9 5f49 
  0x000002b5defdd880: 8be3 ffe7 | ba00 0000 | 00e8 0500 | 0000 e996 | 0000 0048 | 8d44 2408 | 4c89 6dc0 | 498b cfc5 
  0x000002b5defdd8a0: f877 4989 | afb0 0300 | 0049 8987 | a003 0000 | 4883 ec20 | 40f6 c40f | 0f84 1900 | 0000 4883 
  0x000002b5defdd8c0: ec08 48b8 | 9033 265f | fd7f 0000 | ffd0 4883 | c408 e90c | 0000 0048 | b890 3326 | 5ffd 7f00 
  0x000002b5defdd8e0: 00ff d048 | 83c4 2049 | c787 a003 | 0000 0000 | 0000 49c7 | 87b0 0300 | 0000 0000 | 0049 c787 
  0x000002b5defdd900: a803 0000 | 0000 0000 | c5f8 7749 | 837f 0800 | 0f84 0500 | 0000 e9a5 | 35ff ff4c | 8b6d c04c 
  0x000002b5defdd920: 8b75 c84e | 8d74 f500 | c348 8b5d | e8e9 26f6 | ffff 660f | 1f44 0000 
[/MachCode]

---------------  P R O C E S S  ---------------

Threads class SMR info:
_java_thread_list=0x000002b5c5a35d90, length=14, elements={
0x000002b5cce724e0, 0x000002b5eea943b0, 0x000002b5eea94a20, 0x000002b5eea97df0,
0x000002b5eea98460, 0x000002b5eea9ddf0, 0x000002b5eeaa3160, 0x000002b5eeaaf310,
0x000002b5eeabca30, 0x000002b5c50d4dc0, 0x000002b5c52b6a10, 0x000002b5c52bb8a0,
0x000002b5eeabb5c0, 0x000002b5eeabbc90
}

Java Threads: ( => current thread )
=>0x000002b5cce724e0 JavaThread "main"                              [_thread_in_native, id=8504, stack(0x000000eb1d600000,0x000000eb1d700000) (1024K)]
  0x000002b5eea943b0 JavaThread "Reference Handler"          daemon [_thread_blocked, id=23444, stack(0x000000eb1de00000,0x000000eb1df00000) (1024K)]
  0x000002b5eea94a20 JavaThread "Finalizer"                  daemon [_thread_blocked, id=21856, stack(0x000000eb1df00000,0x000000eb1e000000) (1024K)]
  0x000002b5eea97df0 JavaThread "Signal Dispatcher"          daemon [_thread_blocked, id=28504, stack(0x000000eb1e000000,0x000000eb1e100000) (1024K)]
  0x000002b5eea98460 JavaThread "Attach Listener"            daemon [_thread_in_Java, id=5624, stack(0x000000eb1e100000,0x000000eb1e200000) (1024K)]
  0x000002b5eea9ddf0 JavaThread "Service Thread"             daemon [_thread_blocked, id=28020, stack(0x000000eb1e200000,0x000000eb1e300000) (1024K)]
  0x000002b5eeaa3160 JavaThread "Monitor Deflation Thread"   daemon [_thread_blocked, id=13900, stack(0x000000eb1e300000,0x000000eb1e400000) (1024K)]
  0x000002b5eeaaf310 JavaThread "C2 CompilerThread0"         daemon [_thread_blocked, id=16796, stack(0x000000eb1e400000,0x000000eb1e500000) (1024K)]
  0x000002b5eeabca30 JavaThread "C1 CompilerThread0"         daemon [_thread_in_vm, id=16700, stack(0x000000eb1e500000,0x000000eb1e600000) (1024K)]
  0x000002b5c50d4dc0 JavaThread "Common-Cleaner"             daemon [_thread_blocked, id=27888, stack(0x000000eb1e600000,0x000000eb1e700000) (1024K)]
  0x000002b5c52b6a10 JavaThread "Monitor Ctrl-Break"         daemon [_thread_in_native, id=812, stack(0x000000eb1e700000,0x000000eb1e800000) (1024K)]
  0x000002b5c52bb8a0 JavaThread "Notification Thread"        daemon [_thread_blocked, id=412, stack(0x000000eb1e800000,0x000000eb1e900000) (1024K)]
  0x000002b5eeabb5c0 JavaThread "C2 CompilerThread1"         daemon [_thread_blocked, id=8088, stack(0x000000eb1e900000,0x000000eb1ea00000) (1024K)]
  0x000002b5eeabbc90 JavaThread "C2 CompilerThread2"         daemon [_thread_blocked, id=24256, stack(0x000000eb1ed00000,0x000000eb1ee00000) (1024K)]
Total: 14

Other Threads:
  0x000002b5eea74f00 VMThread "VM Thread"                           [id=28140, stack(0x000000eb1dd00000,0x000000eb1de00000) (1024K)]
  0x000002b5eea5e4c0 WatcherThread "VM Periodic Task Thread"        [id=23864, stack(0x000000eb1dc00000,0x000000eb1dd00000) (1024K)]
  0x000002b5cf3cfe00 WorkerThread "GC Thread#0"                     [id=2280, stack(0x000000eb1d700000,0x000000eb1d800000) (1024K)]
  0x000002b5cf3e44c0 ConcurrentGCThread "G1 Main Marker"            [id=12432, stack(0x000000eb1d800000,0x000000eb1d900000) (1024K)]
  0x000002b5cf3e73b0 WorkerThread "G1 Conc#0"                       [id=14248, stack(0x000000eb1d900000,0x000000eb1da00000) (1024K)]
  0x000002b5cf42ea10 ConcurrentGCThread "G1 Refine#0"               [id=1868, stack(0x000000eb1da00000,0x000000eb1db00000) (1024K)]
  0x000002b5ee930e00 ConcurrentGCThread "G1 Service"                [id=6436, stack(0x000000eb1db00000,0x000000eb1dc00000) (1024K)]
Total: 7

Threads with active compile tasks:
Total: 0

VM state: not at safepoint (normal execution)

VM Mutex/Monitor currently owned by a thread: None

Heap address: 0x0000000709400000, size: 3948 MB, Compressed Oops mode: Zero based, Oop shift amount: 3

CDS archive(s) mapped at: [0x000002b580000000-0x000002b580d70000-0x000002b580d70000), size 14090240, SharedBaseAddress: 0x000002b580000000, ArchiveRelocationMode: 1.
Compressed class space mapped at: 0x000002b581000000-0x000002b5c1000000, reserved size: 1073741824
Narrow klass base: 0x000002b580000000, Narrow klass shift: 0, Narrow klass range: 0x41000000

GC Precious Log:
 CardTable entry size: 512
 Card Set container configuration: InlinePtr #cards 4 size 8 Array Of Cards #cards 16 size 48 Howl #buckets 8 coarsen threshold 3686 Howl Bitmap #cards 512 size 80 coarsen threshold 460 Card regions per heap region 1 cards per card region 4096
 CPUs: 12 total, 12 available
 Memory: 15789M
 Large Page Support: Disabled
 NUMA Support: Disabled
 Compressed Oops: Enabled (Zero based)
 Heap Region Size: 2M
 Heap Min Capacity: 8M
 Heap Initial Capacity: 248M
 Heap Max Capacity: 3948M
 Pre-touch: Disabled
 Parallel Workers: 10
 Concurrent Workers: 3
 Concurrent Refinement Workers: 10
 Periodic GC: Disabled

Heap:
 garbage-first heap   total reserved 4042752K, committed 253952K, used 12288K [0x0000000709400000, 0x0000000800000000)
  region size 2048K, 7 young (14336K), 0 survivors (0K)
 Metaspace       used 6789K, committed 7040K, reserved 1114112K
  class space    used 689K, committed 832K, reserved 1048576K

Heap Regions: E=young(eden), S=young(survivor), O=old, HS=humongous(starts), HC=humongous(continues), CS=collection set, F=free, TAMS=top-at-mark-start, PB=parsable bottom
|   0|0x0000000709400000, 0x0000000709400000, 0x0000000709600000|  0%| F|  |TAMS 0x0000000709400000| PB 0x0000000709400000| Untracked |  0
|   1|0x0000000709600000, 0x0000000709600000, 0x0000000709800000|  0%| F|  |TAMS 0x0000000709600000| PB 0x0000000709600000| Untracked |  0
|   2|0x0000000709800000, 0x0000000709800000, 0x0000000709a00000|  0%| F|  |TAMS 0x0000000709800000| PB 0x0000000709800000| Untracked |  0
|   3|0x0000000709a00000, 0x0000000709a00000, 0x0000000709c00000|  0%| F|  |TAMS 0x0000000709a00000| PB 0x0000000709a00000| Untracked |  0
|   4|0x0000000709c00000, 0x0000000709c00000, 0x0000000709e00000|  0%| F|  |TAMS 0x0000000709c00000| PB 0x0000000709c00000| Untracked |  0
|   5|0x0000000709e00000, 0x0000000709e00000, 0x000000070a000000|  0%| F|  |TAMS 0x0000000709e00000| PB 0x0000000709e00000| Untracked |  0
|   6|0x000000070a000000, 0x000000070a000000, 0x000000070a200000|  0%| F|  |TAMS 0x000000070a000000| PB 0x000000070a000000| Untracked |  0
|   7|0x000000070a200000, 0x000000070a200000, 0x000000070a400000|  0%| F|  |TAMS 0x000000070a200000| PB 0x000000070a200000| Untracked |  0
|   8|0x000000070a400000, 0x000000070a400000, 0x000000070a600000|  0%| F|  |TAMS 0x000000070a400000| PB 0x000000070a400000| Untracked |  0
|   9|0x000000070a600000, 0x000000070a600000, 0x000000070a800000|  0%| F|  |TAMS 0x000000070a600000| PB 0x000000070a600000| Untracked |  0
|  10|0x000000070a800000, 0x000000070a800000, 0x000000070aa00000|  0%| F|  |TAMS 0x000000070a800000| PB 0x000000070a800000| Untracked |  0
|  11|0x000000070aa00000, 0x000000070aa00000, 0x000000070ac00000|  0%| F|  |TAMS 0x000000070aa00000| PB 0x000000070aa00000| Untracked |  0
|  12|0x000000070ac00000, 0x000000070ac00000, 0x000000070ae00000|  0%| F|  |TAMS 0x000000070ac00000| PB 0x000000070ac00000| Untracked |  0
|  13|0x000000070ae00000, 0x000000070ae00000, 0x000000070b000000|  0%| F|  |TAMS 0x000000070ae00000| PB 0x000000070ae00000| Untracked |  0
|  14|0x000000070b000000, 0x000000070b000000, 0x000000070b200000|  0%| F|  |TAMS 0x000000070b000000| PB 0x000000070b000000| Untracked |  0
|  15|0x000000070b200000, 0x000000070b200000, 0x000000070b400000|  0%| F|  |TAMS 0x000000070b200000| PB 0x000000070b200000| Untracked |  0
|  16|0x000000070b400000, 0x000000070b400000, 0x000000070b600000|  0%| F|  |TAMS 0x000000070b400000| PB 0x000000070b400000| Untracked |  0
|  17|0x000000070b600000, 0x000000070b600000, 0x000000070b800000|  0%| F|  |TAMS 0x000000070b600000| PB 0x000000070b600000| Untracked |  0
|  18|0x000000070b800000, 0x000000070b800000, 0x000000070ba00000|  0%| F|  |TAMS 0x000000070b800000| PB 0x000000070b800000| Untracked |  0
|  19|0x000000070ba00000, 0x000000070ba00000, 0x000000070bc00000|  0%| F|  |TAMS 0x000000070ba00000| PB 0x000000070ba00000| Untracked |  0
|  20|0x000000070bc00000, 0x000000070bc00000, 0x000000070be00000|  0%| F|  |TAMS 0x000000070bc00000| PB 0x000000070bc00000| Untracked |  0
|  21|0x000000070be00000, 0x000000070be00000, 0x000000070c000000|  0%| F|  |TAMS 0x000000070be00000| PB 0x000000070be00000| Untracked |  0
|  22|0x000000070c000000, 0x000000070c000000, 0x000000070c200000|  0%| F|  |TAMS 0x000000070c000000| PB 0x000000070c000000| Untracked |  0
|  23|0x000000070c200000, 0x000000070c200000, 0x000000070c400000|  0%| F|  |TAMS 0x000000070c200000| PB 0x000000070c200000| Untracked |  0
|  24|0x000000070c400000, 0x000000070c400000, 0x000000070c600000|  0%| F|  |TAMS 0x000000070c400000| PB 0x000000070c400000| Untracked |  0
|  25|0x000000070c600000, 0x000000070c600000, 0x000000070c800000|  0%| F|  |TAMS 0x000000070c600000| PB 0x000000070c600000| Untracked |  0
|  26|0x000000070c800000, 0x000000070c800000, 0x000000070ca00000|  0%| F|  |TAMS 0x000000070c800000| PB 0x000000070c800000| Untracked |  0
|  27|0x000000070ca00000, 0x000000070ca00000, 0x000000070cc00000|  0%| F|  |TAMS 0x000000070ca00000| PB 0x000000070ca00000| Untracked |  0
|  28|0x000000070cc00000, 0x000000070cc00000, 0x000000070ce00000|  0%| F|  |TAMS 0x000000070cc00000| PB 0x000000070cc00000| Untracked |  0
|  29|0x000000070ce00000, 0x000000070ce00000, 0x000000070d000000|  0%| F|  |TAMS 0x000000070ce00000| PB 0x000000070ce00000| Untracked |  0
|  30|0x000000070d000000, 0x000000070d000000, 0x000000070d200000|  0%| F|  |TAMS 0x000000070d000000| PB 0x000000070d000000| Untracked |  0
|  31|0x000000070d200000, 0x000000070d200000, 0x000000070d400000|  0%| F|  |TAMS 0x000000070d200000| PB 0x000000070d200000| Untracked |  0
|  32|0x000000070d400000, 0x000000070d400000, 0x000000070d600000|  0%| F|  |TAMS 0x000000070d400000| PB 0x000000070d400000| Untracked |  0
|  33|0x000000070d600000, 0x000000070d600000, 0x000000070d800000|  0%| F|  |TAMS 0x000000070d600000| PB 0x000000070d600000| Untracked |  0
|  34|0x000000070d800000, 0x000000070d800000, 0x000000070da00000|  0%| F|  |TAMS 0x000000070d800000| PB 0x000000070d800000| Untracked |  0
|  35|0x000000070da00000, 0x000000070da00000, 0x000000070dc00000|  0%| F|  |TAMS 0x000000070da00000| PB 0x000000070da00000| Untracked |  0
|  36|0x000000070dc00000, 0x000000070dc00000, 0x000000070de00000|  0%| F|  |TAMS 0x000000070dc00000| PB 0x000000070dc00000| Untracked |  0
|  37|0x000000070de00000, 0x000000070de00000, 0x000000070e000000|  0%| F|  |TAMS 0x000000070de00000| PB 0x000000070de00000| Untracked |  0
|  38|0x000000070e000000, 0x000000070e000000, 0x000000070e200000|  0%| F|  |TAMS 0x000000070e000000| PB 0x000000070e000000| Untracked |  0
|  39|0x000000070e200000, 0x000000070e200000, 0x000000070e400000|  0%| F|  |TAMS 0x000000070e200000| PB 0x000000070e200000| Untracked |  0
|  40|0x000000070e400000, 0x000000070e400000, 0x000000070e600000|  0%| F|  |TAMS 0x000000070e400000| PB 0x000000070e400000| Untracked |  0
|  41|0x000000070e600000, 0x000000070e600000, 0x000000070e800000|  0%| F|  |TAMS 0x000000070e600000| PB 0x000000070e600000| Untracked |  0
|  42|0x000000070e800000, 0x000000070e800000, 0x000000070ea00000|  0%| F|  |TAMS 0x000000070e800000| PB 0x000000070e800000| Untracked |  0
|  43|0x000000070ea00000, 0x000000070ea00000, 0x000000070ec00000|  0%| F|  |TAMS 0x000000070ea00000| PB 0x000000070ea00000| Untracked |  0
|  44|0x000000070ec00000, 0x000000070ec00000, 0x000000070ee00000|  0%| F|  |TAMS 0x000000070ec00000| PB 0x000000070ec00000| Untracked |  0
|  45|0x000000070ee00000, 0x000000070ee00000, 0x000000070f000000|  0%| F|  |TAMS 0x000000070ee00000| PB 0x000000070ee00000| Untracked |  0
|  46|0x000000070f000000, 0x000000070f000000, 0x000000070f200000|  0%| F|  |TAMS 0x000000070f000000| PB 0x000000070f000000| Untracked |  0
|  47|0x000000070f200000, 0x000000070f200000, 0x000000070f400000|  0%| F|  |TAMS 0x000000070f200000| PB 0x000000070f200000| Untracked |  0
|  48|0x000000070f400000, 0x000000070f400000, 0x000000070f600000|  0%| F|  |TAMS 0x000000070f400000| PB 0x000000070f400000| Untracked |  0
|  49|0x000000070f600000, 0x000000070f600000, 0x000000070f800000|  0%| F|  |TAMS 0x000000070f600000| PB 0x000000070f600000| Untracked |  0
|  50|0x000000070f800000, 0x000000070f800000, 0x000000070fa00000|  0%| F|  |TAMS 0x000000070f800000| PB 0x000000070f800000| Untracked |  0
|  51|0x000000070fa00000, 0x000000070fa00000, 0x000000070fc00000|  0%| F|  |TAMS 0x000000070fa00000| PB 0x000000070fa00000| Untracked |  0
|  52|0x000000070fc00000, 0x000000070fc00000, 0x000000070fe00000|  0%| F|  |TAMS 0x000000070fc00000| PB 0x000000070fc00000| Untracked |  0
|  53|0x000000070fe00000, 0x000000070fe00000, 0x0000000710000000|  0%| F|  |TAMS 0x000000070fe00000| PB 0x000000070fe00000| Untracked |  0
|  54|0x0000000710000000, 0x0000000710000000, 0x0000000710200000|  0%| F|  |TAMS 0x0000000710000000| PB 0x0000000710000000| Untracked |  0
|  55|0x0000000710200000, 0x0000000710200000, 0x0000000710400000|  0%| F|  |TAMS 0x0000000710200000| PB 0x0000000710200000| Untracked |  0
|  56|0x0000000710400000, 0x0000000710400000, 0x0000000710600000|  0%| F|  |TAMS 0x0000000710400000| PB 0x0000000710400000| Untracked |  0
|  57|0x0000000710600000, 0x0000000710600000, 0x0000000710800000|  0%| F|  |TAMS 0x0000000710600000| PB 0x0000000710600000| Untracked |  0
|  58|0x0000000710800000, 0x0000000710800000, 0x0000000710a00000|  0%| F|  |TAMS 0x0000000710800000| PB 0x0000000710800000| Untracked |  0
|  59|0x0000000710a00000, 0x0000000710a00000, 0x0000000710c00000|  0%| F|  |TAMS 0x0000000710a00000| PB 0x0000000710a00000| Untracked |  0
|  60|0x0000000710c00000, 0x0000000710c00000, 0x0000000710e00000|  0%| F|  |TAMS 0x0000000710c00000| PB 0x0000000710c00000| Untracked |  0
|  61|0x0000000710e00000, 0x0000000710e00000, 0x0000000711000000|  0%| F|  |TAMS 0x0000000710e00000| PB 0x0000000710e00000| Untracked |  0
|  62|0x0000000711000000, 0x0000000711000000, 0x0000000711200000|  0%| F|  |TAMS 0x0000000711000000| PB 0x0000000711000000| Untracked |  0
|  63|0x0000000711200000, 0x0000000711200000, 0x0000000711400000|  0%| F|  |TAMS 0x0000000711200000| PB 0x0000000711200000| Untracked |  0
|  64|0x0000000711400000, 0x0000000711400000, 0x0000000711600000|  0%| F|  |TAMS 0x0000000711400000| PB 0x0000000711400000| Untracked |  0
|  65|0x0000000711600000, 0x0000000711600000, 0x0000000711800000|  0%| F|  |TAMS 0x0000000711600000| PB 0x0000000711600000| Untracked |  0
|  66|0x0000000711800000, 0x0000000711800000, 0x0000000711a00000|  0%| F|  |TAMS 0x0000000711800000| PB 0x0000000711800000| Untracked |  0
|  67|0x0000000711a00000, 0x0000000711a00000, 0x0000000711c00000|  0%| F|  |TAMS 0x0000000711a00000| PB 0x0000000711a00000| Untracked |  0
|  68|0x0000000711c00000, 0x0000000711c00000, 0x0000000711e00000|  0%| F|  |TAMS 0x0000000711c00000| PB 0x0000000711c00000| Untracked |  0
|  69|0x0000000711e00000, 0x0000000711e00000, 0x0000000712000000|  0%| F|  |TAMS 0x0000000711e00000| PB 0x0000000711e00000| Untracked |  0
|  70|0x0000000712000000, 0x0000000712000000, 0x0000000712200000|  0%| F|  |TAMS 0x0000000712000000| PB 0x0000000712000000| Untracked |  0
|  71|0x0000000712200000, 0x0000000712200000, 0x0000000712400000|  0%| F|  |TAMS 0x0000000712200000| PB 0x0000000712200000| Untracked |  0
|  72|0x0000000712400000, 0x0000000712400000, 0x0000000712600000|  0%| F|  |TAMS 0x0000000712400000| PB 0x0000000712400000| Untracked |  0
|  73|0x0000000712600000, 0x0000000712600000, 0x0000000712800000|  0%| F|  |TAMS 0x0000000712600000| PB 0x0000000712600000| Untracked |  0
|  74|0x0000000712800000, 0x0000000712800000, 0x0000000712a00000|  0%| F|  |TAMS 0x0000000712800000| PB 0x0000000712800000| Untracked |  0
|  75|0x0000000712a00000, 0x0000000712a00000, 0x0000000712c00000|  0%| F|  |TAMS 0x0000000712a00000| PB 0x0000000712a00000| Untracked |  0
|  76|0x0000000712c00000, 0x0000000712c00000, 0x0000000712e00000|  0%| F|  |TAMS 0x0000000712c00000| PB 0x0000000712c00000| Untracked |  0
|  77|0x0000000712e00000, 0x0000000712e00000, 0x0000000713000000|  0%| F|  |TAMS 0x0000000712e00000| PB 0x0000000712e00000| Untracked |  0
|  78|0x0000000713000000, 0x0000000713000000, 0x0000000713200000|  0%| F|  |TAMS 0x0000000713000000| PB 0x0000000713000000| Untracked |  0
|  79|0x0000000713200000, 0x0000000713200000, 0x0000000713400000|  0%| F|  |TAMS 0x0000000713200000| PB 0x0000000713200000| Untracked |  0
|  80|0x0000000713400000, 0x0000000713400000, 0x0000000713600000|  0%| F|  |TAMS 0x0000000713400000| PB 0x0000000713400000| Untracked |  0
|  81|0x0000000713600000, 0x0000000713600000, 0x0000000713800000|  0%| F|  |TAMS 0x0000000713600000| PB 0x0000000713600000| Untracked |  0
|  82|0x0000000713800000, 0x0000000713800000, 0x0000000713a00000|  0%| F|  |TAMS 0x0000000713800000| PB 0x0000000713800000| Untracked |  0
|  83|0x0000000713a00000, 0x0000000713a00000, 0x0000000713c00000|  0%| F|  |TAMS 0x0000000713a00000| PB 0x0000000713a00000| Untracked |  0
|  84|0x0000000713c00000, 0x0000000713c00000, 0x0000000713e00000|  0%| F|  |TAMS 0x0000000713c00000| PB 0x0000000713c00000| Untracked |  0
|  85|0x0000000713e00000, 0x0000000713e00000, 0x0000000714000000|  0%| F|  |TAMS 0x0000000713e00000| PB 0x0000000713e00000| Untracked |  0
|  86|0x0000000714000000, 0x0000000714000000, 0x0000000714200000|  0%| F|  |TAMS 0x0000000714000000| PB 0x0000000714000000| Untracked |  0
|  87|0x0000000714200000, 0x0000000714200000, 0x0000000714400000|  0%| F|  |TAMS 0x0000000714200000| PB 0x0000000714200000| Untracked |  0
|  88|0x0000000714400000, 0x0000000714400000, 0x0000000714600000|  0%| F|  |TAMS 0x0000000714400000| PB 0x0000000714400000| Untracked |  0
|  89|0x0000000714600000, 0x0000000714600000, 0x0000000714800000|  0%| F|  |TAMS 0x0000000714600000| PB 0x0000000714600000| Untracked |  0
|  90|0x0000000714800000, 0x0000000714800000, 0x0000000714a00000|  0%| F|  |TAMS 0x0000000714800000| PB 0x0000000714800000| Untracked |  0
|  91|0x0000000714a00000, 0x0000000714a00000, 0x0000000714c00000|  0%| F|  |TAMS 0x0000000714a00000| PB 0x0000000714a00000| Untracked |  0
|  92|0x0000000714c00000, 0x0000000714c00000, 0x0000000714e00000|  0%| F|  |TAMS 0x0000000714c00000| PB 0x0000000714c00000| Untracked |  0
|  93|0x0000000714e00000, 0x0000000714e00000, 0x0000000715000000|  0%| F|  |TAMS 0x0000000714e00000| PB 0x0000000714e00000| Untracked |  0
|  94|0x0000000715000000, 0x0000000715000000, 0x0000000715200000|  0%| F|  |TAMS 0x0000000715000000| PB 0x0000000715000000| Untracked |  0
|  95|0x0000000715200000, 0x0000000715200000, 0x0000000715400000|  0%| F|  |TAMS 0x0000000715200000| PB 0x0000000715200000| Untracked |  0
|  96|0x0000000715400000, 0x0000000715400000, 0x0000000715600000|  0%| F|  |TAMS 0x0000000715400000| PB 0x0000000715400000| Untracked |  0
|  97|0x0000000715600000, 0x0000000715600000, 0x0000000715800000|  0%| F|  |TAMS 0x0000000715600000| PB 0x0000000715600000| Untracked |  0
|  98|0x0000000715800000, 0x0000000715800000, 0x0000000715a00000|  0%| F|  |TAMS 0x0000000715800000| PB 0x0000000715800000| Untracked |  0
|  99|0x0000000715a00000, 0x0000000715a00000, 0x0000000715c00000|  0%| F|  |TAMS 0x0000000715a00000| PB 0x0000000715a00000| Untracked |  0
| 100|0x0000000715c00000, 0x0000000715c00000, 0x0000000715e00000|  0%| F|  |TAMS 0x0000000715c00000| PB 0x0000000715c00000| Untracked |  0
| 101|0x0000000715e00000, 0x0000000715e00000, 0x0000000716000000|  0%| F|  |TAMS 0x0000000715e00000| PB 0x0000000715e00000| Untracked |  0
| 102|0x0000000716000000, 0x0000000716000000, 0x0000000716200000|  0%| F|  |TAMS 0x0000000716000000| PB 0x0000000716000000| Untracked |  0
| 103|0x0000000716200000, 0x0000000716200000, 0x0000000716400000|  0%| F|  |TAMS 0x0000000716200000| PB 0x0000000716200000| Untracked |  0
| 104|0x0000000716400000, 0x0000000716400000, 0x0000000716600000|  0%| F|  |TAMS 0x0000000716400000| PB 0x0000000716400000| Untracked |  0
| 105|0x0000000716600000, 0x0000000716600000, 0x0000000716800000|  0%| F|  |TAMS 0x0000000716600000| PB 0x0000000716600000| Untracked |  0
| 106|0x0000000716800000, 0x0000000716800000, 0x0000000716a00000|  0%| F|  |TAMS 0x0000000716800000| PB 0x0000000716800000| Untracked |  0
| 107|0x0000000716a00000, 0x0000000716a00000, 0x0000000716c00000|  0%| F|  |TAMS 0x0000000716a00000| PB 0x0000000716a00000| Untracked |  0
| 108|0x0000000716c00000, 0x0000000716c00000, 0x0000000716e00000|  0%| F|  |TAMS 0x0000000716c00000| PB 0x0000000716c00000| Untracked |  0
| 109|0x0000000716e00000, 0x0000000716e00000, 0x0000000717000000|  0%| F|  |TAMS 0x0000000716e00000| PB 0x0000000716e00000| Untracked |  0
| 110|0x0000000717000000, 0x0000000717000000, 0x0000000717200000|  0%| F|  |TAMS 0x0000000717000000| PB 0x0000000717000000| Untracked |  0
| 111|0x0000000717200000, 0x0000000717200000, 0x0000000717400000|  0%| F|  |TAMS 0x0000000717200000| PB 0x0000000717200000| Untracked |  0
| 112|0x0000000717400000, 0x0000000717400000, 0x0000000717600000|  0%| F|  |TAMS 0x0000000717400000| PB 0x0000000717400000| Untracked |  0
| 113|0x0000000717600000, 0x0000000717600000, 0x0000000717800000|  0%| F|  |TAMS 0x0000000717600000| PB 0x0000000717600000| Untracked |  0
| 114|0x0000000717800000, 0x0000000717800000, 0x0000000717a00000|  0%| F|  |TAMS 0x0000000717800000| PB 0x0000000717800000| Untracked |  0
| 115|0x0000000717a00000, 0x0000000717a00000, 0x0000000717c00000|  0%| F|  |TAMS 0x0000000717a00000| PB 0x0000000717a00000| Untracked |  0
| 116|0x0000000717c00000, 0x0000000717c00000, 0x0000000717e00000|  0%| F|  |TAMS 0x0000000717c00000| PB 0x0000000717c00000| Untracked |  0
| 117|0x0000000717e00000, 0x0000000717f70ad0, 0x0000000718000000| 72%| E|  |TAMS 0x0000000717e00000| PB 0x0000000717e00000| Complete |  0
| 118|0x0000000718000000, 0x0000000718200000, 0x0000000718200000|100%| E|CS|TAMS 0x0000000718000000| PB 0x0000000718000000| Complete |  0
| 119|0x0000000718200000, 0x0000000718400000, 0x0000000718400000|100%| E|CS|TAMS 0x0000000718200000| PB 0x0000000718200000| Complete |  0
| 120|0x0000000718400000, 0x0000000718600000, 0x0000000718600000|100%| E|CS|TAMS 0x0000000718400000| PB 0x0000000718400000| Complete |  0
| 121|0x0000000718600000, 0x0000000718800000, 0x0000000718800000|100%| E|CS|TAMS 0x0000000718600000| PB 0x0000000718600000| Complete |  0
| 122|0x0000000718800000, 0x0000000718a00000, 0x0000000718a00000|100%| E|CS|TAMS 0x0000000718800000| PB 0x0000000718800000| Complete |  0
| 123|0x0000000718a00000, 0x0000000718c00000, 0x0000000718c00000|100%| E|CS|TAMS 0x0000000718a00000| PB 0x0000000718a00000| Complete |  0

Card table byte_map: [0x000002b5e78c0000,0x000002b5e8080000] _byte_map_base: 0x000002b5e4076000

Marking Bits: (CMBitMap*) 0x000002b5cf3d0510
 Bits: [0x000002b5e8080000, 0x000002b5ebe30000)

Polling page: 0x000002b5cd1a0000

Metaspace:

Usage:
  Non-class:      6.03 MB used.
      Class:    704.70 KB used.
       Both:      6.72 MB used.

Virtual space:
  Non-class space:       64.00 MB reserved,       6.12 MB ( 10%) committed,  1 nodes.
      Class space:        1.00 GB reserved,     832.00 KB ( <1%) committed,  1 nodes.
             Both:        1.06 GB reserved,       6.94 MB ( <1%) committed. 

Chunk freelists:
   Non-Class:  9.00 MB
       Class:  15.21 MB
        Both:  24.21 MB

MaxMetaspaceSize: unlimited
CompressedClassSpaceSize: 1.00 GB
Initial GC threshold: 21.00 MB
Current GC threshold: 21.00 MB
CDS: on
 - commit_granule_bytes: 65536.
 - commit_granule_words: 8192.
 - virtual_space_node_default_size: 8388608.
 - enlarge_chunks_in_place: 1.
 - use_allocation_guard: 0.


Internal statistics:

num_allocs_failed_limit: 0.
num_arena_births: 156.
num_arena_deaths: 0.
num_vsnodes_births: 2.
num_vsnodes_deaths: 0.
num_space_committed: 111.
num_space_uncommitted: 0.
num_chunks_returned_to_freelist: 0.
num_chunks_taken_from_freelist: 231.
num_chunk_merges: 0.
num_chunk_splits: 141.
num_chunks_enlarged: 78.
num_inconsistent_stats: 0.

CodeHeap 'non-profiled nmethods': size=120064Kb used=369Kb max_used=369Kb free=119694Kb
 bounds [0x000002b5df560000, 0x000002b5df7d0000, 0x000002b5e6aa0000]
CodeHeap 'profiled nmethods': size=120000Kb used=1399Kb max_used=1399Kb free=118601Kb
 bounds [0x000002b5d7aa0000, 0x000002b5d7d10000, 0x000002b5defd0000]
CodeHeap 'non-nmethods': size=5696Kb used=2050Kb max_used=2085Kb free=3646Kb
 bounds [0x000002b5defd0000, 0x000002b5df240000, 0x000002b5df560000]
CodeCache: size=245760Kb, used=3818Kb, max_used=3853Kb, free=241941Kb
 total_blobs=2276, nmethods=1216, adapters=966, full_count=0
Compilation: enabled, stopped_count=0, restarted_count=0

Compilation events (20 events):
Event: 0.275 Thread 0x000002b5eeabca30 nmethod 871 0x000002b5d7b7f788 code [0x000002b5d7b7f8a0, 0x000002b5d7b7f9e0]
Event: 0.275 Thread 0x000002b5eeabca30  872       3       java.util.TreeMap::getEntryUsingComparator (74 bytes)
Event: 0.275 Thread 0x000002b5eeabca30 nmethod 872 0x000002b5d7b7fa88 code [0x000002b5d7b7fbe0, 0x000002b5d7b7ff78]
Event: 0.275 Thread 0x000002b5eeabca30  873       3       java.util.TreeMap$ValueIterator::next (8 bytes)
Event: 0.275 Thread 0x000002b5eeabca30 nmethod 873 0x000002b5d7b7ff88 code [0x000002b5d7b800a0, 0x000002b5d7b801e0]
Event: 0.278 Thread 0x000002b5eeabca30  874       3       java.util.AbstractCollection::toArray (144 bytes)
Event: 0.278 Thread 0x000002b5eeaaf310  875       4       java.util.HashMap::put (13 bytes)
Event: 0.279 Thread 0x000002b5eeabca30 nmethod 874 0x000002b5d7b80288 code [0x000002b5d7b804e0, 0x000002b5d7b81658]
Event: 0.279 Thread 0x000002b5eeabca30  877       3       java.util.TreeMap::getEntry (77 bytes)
Event: 0.279 Thread 0x000002b5eeabca30 nmethod 877 0x000002b5d7b81708 code [0x000002b5d7b818a0, 0x000002b5d7b81ee0]
Event: 0.279 Thread 0x000002b5eeabca30  876       3       java.lang.Integer::valueOf (32 bytes)
Event: 0.279 Thread 0x000002b5eeabca30 nmethod 876 0x000002b5d7b81f08 code [0x000002b5d7b82040, 0x000002b5d7b82340]
Event: 0.280 Thread 0x000002b5eeabca30  878       3       java.lang.Class::descriptorString (170 bytes)
Event: 0.281 Thread 0x000002b5eeabca30 nmethod 878 0x000002b5d7b82388 code [0x000002b5d7b82780, 0x000002b5d7b83fc0]
Event: 0.281 Thread 0x000002b5eeabca30  879       3       jdk.jfr.internal.util.Tokenizer::isSeparator (39 bytes)
Event: 0.281 Thread 0x000002b5eeabca30 nmethod 879 0x000002b5d7b84088 code [0x000002b5d7b841c0, 0x000002b5d7b843e0]
Event: 0.281 Thread 0x000002b5eeabca30  880       3       jdk.jfr.internal.util.Tokenizer::isQuoteCharacter (18 bytes)
Event: 0.281 Thread 0x000002b5eeabca30 nmethod 880 0x000002b5d7b84408 code [0x000002b5d7b84520, 0x000002b5d7b846a8]
Event: 0.281 Thread 0x000002b5eeabca30  881       3       jdk.jfr.internal.util.Tokenizer::skipWhitespace (48 bytes)
Event: 0.282 Thread 0x000002b5eeabb5c0  884       4       java.lang.CharacterData::of (136 bytes)

GC Heap History (0 events):
No events

Dll operation events (13 events):
Event: 0.010 Loaded shared library C:\Users\keras\.jdks\openjdk-23.0.2\bin\java.dll
Event: 0.043 Loaded shared library C:\Users\keras\.jdks\openjdk-23.0.2\bin\jsvml.dll
Event: 0.086 Loaded shared library C:\Users\keras\.jdks\openjdk-23.0.2\bin\zip.dll
Event: 0.089 Loaded shared library C:\Users\keras\.jdks\openjdk-23.0.2\bin\instrument.dll
Event: 0.095 Loaded shared library C:\Users\keras\.jdks\openjdk-23.0.2\bin\net.dll
Event: 0.097 Loaded shared library C:\Users\keras\.jdks\openjdk-23.0.2\bin\nio.dll
Event: 0.103 Loaded shared library C:\Users\keras\.jdks\openjdk-23.0.2\bin\zip.dll
Event: 0.119 Loaded shared library D:\IntelliJ IDEA 2024.3.3\bin\breakgen64.dll
Event: 0.126 Loaded shared library C:\Users\keras\.jdks\openjdk-23.0.2\bin\jimage.dll
Event: 0.130 Loaded shared library C:\Users\keras\.jdks\openjdk-23.0.2\bin\extnet.dll
Event: 0.159 Loaded shared library C:\Users\keras\.jdks\openjdk-23.0.2\bin\management.dll
Event: 0.169 Loaded shared library C:\Users\keras\.jdks\openjdk-23.0.2\bin\management_ext.dll
Event: 0.175 Loaded shared library C:\Users\keras\AppData\Local\Temp\lwjgl_keras\3.3.2+13\x64\lwjgl.dll

Deoptimization events (4 events):
Event: 0.134 Thread 0x000002b5eea98460 Uncommon trap: trap_request=0xffffff45 fr.pc=0x000002b5df56f39c relative=0x000000000000085c
Event: 0.134 Thread 0x000002b5eea98460 Uncommon trap: reason=unstable_if action=reinterpret pc=0x000002b5df56f39c method=java.util.HashMap.putVal(ILjava/lang/Object;Ljava/lang/Object;ZZ)Ljava/lang/Object; @ 69 c2
Event: 0.134 Thread 0x000002b5eea98460 DEOPT PACKING pc=0x000002b5df56f39c sp=0x000000eb1e1fe7c0
Event: 0.134 Thread 0x000002b5eea98460 DEOPT UNPACKING pc=0x000002b5df024402 sp=0x000000eb1e1fe770 mode 2

Classes loaded (20 events):
Event: 0.278 Loading class java/util/Arrays$ArrayItr
Event: 0.278 Loading class java/util/Arrays$ArrayItr done
Event: 0.279 Loading class java/lang/StringLatin1$LinesSpliterator
Event: 0.279 Loading class java/lang/StringLatin1$LinesSpliterator done
Event: 0.279 Loading class java/util/ImmutableCollections$Access
Event: 0.279 Loading class java/util/ImmutableCollections$Access done
Event: 0.279 Loading class java/util/ImmutableCollections$Access$1
Event: 0.279 Loading class jdk/internal/access/JavaUtilCollectionAccess
Event: 0.279 Loading class jdk/internal/access/JavaUtilCollectionAccess done
Event: 0.279 Loading class java/util/ImmutableCollections$Access$1 done
Event: 0.280 Loading class jdk/jfr/internal/query/ViewPrinter
Event: 0.280 Loading class jdk/jfr/internal/query/ViewPrinter done
Event: 0.280 Loading class jdk/jfr/internal/util/Columnizer
Event: 0.280 Loading class jdk/jfr/internal/util/Columnizer done
Event: 0.280 Loading class jdk/jfr/internal/query/ViewFile
Event: 0.280 Loading class jdk/jfr/internal/query/ViewFile done
Event: 0.280 Loading class jdk/jfr/internal/util/Tokenizer
Event: 0.280 Loading class jdk/jfr/internal/util/Tokenizer done
Event: 0.281 Loading class jdk/jfr/internal/query/ViewFile$ViewConfiguration
Event: 0.281 Loading class jdk/jfr/internal/query/ViewFile$ViewConfiguration done

Classes unloaded (0 events):
No events

Classes redefined (0 events):
No events

Internal exceptions (20 events):
Event: 0.131 Thread 0x000002b5c52b6a10 Exception <a 'java/lang/NoSuchMethodError'{0x000000071897b2a8}: 'void java.lang.invoke.DirectMethodHandle$Holder.invokeStatic(java.lang.Object, java.lang.Object)'> (0x000000071897b2a8) 
thrown [s\open\src\hotspot\share\interpreter\linkResolver.cpp, line 796]
Event: 0.145 Thread 0x000002b5cce724e0 Exception <a 'java/lang/NoSuchMethodError'{0x00000007186b9120}: 'void java.lang.System.load(java.lang.String, java.lang.Class)'> (0x00000007186b9120) 
thrown [s\open\src\hotspot\share\interpreter\linkResolver.cpp, line 796]
Event: 0.145 Thread 0x000002b5cce724e0 Exception <a 'java/lang/NoSuchMethodError'{0x00000007186b9b50}: 'void java.lang.invoke.DirectMethodHandle$Holder.invokeSpecial(java.lang.Object, java.lang.Object, java.lang.Object)'> (0x00000007186b9b50) 
thrown [s\open\src\hotspot\share\interpreter\linkResolver.cpp, line 796]
Event: 0.147 Thread 0x000002b5cce724e0 Exception <a 'java/lang/NoSuchMethodError'{0x00000007186c7690}: 'java.lang.Object java.lang.invoke.DirectMethodHandle$Holder.invokeStatic(java.lang.Object, java.lang.Object, int)'> (0x00000007186c7690) 
thrown [s\open\src\hotspot\share\interpreter\linkResolver.cpp, line 796]
Event: 0.149 Thread 0x000002b5cce724e0 Exception <a 'java/lang/NoSuchMethodError'{0x00000007186d2e58}: 'void java.lang.invoke.DelegatingMethodHandle$Holder.delegate(java.lang.Object, java.lang.Object, int, java.lang.Object)'> (0x00000007186d2e58) 
thrown [s\open\src\hotspot\share\interpreter\linkResolver.cpp, line 796]
Event: 0.149 Thread 0x000002b5cce724e0 Exception <a 'java/lang/NoSuchMethodError'{0x00000007186d6c00}: 'int java.lang.invoke.DirectMethodHandle$Holder.invokeSpecial(java.lang.Object, java.lang.Object, java.lang.Object)'> (0x00000007186d6c00) 
thrown [s\open\src\hotspot\share\interpreter\linkResolver.cpp, line 796]
Event: 0.153 Thread 0x000002b5cce724e0 Exception <a 'java/lang/NoSuchMethodError'{0x00000007186f0190}: 'void java.lang.System.loadLibrary(java.lang.String, java.lang.Class)'> (0x00000007186f0190) 
thrown [s\open\src\hotspot\share\interpreter\linkResolver.cpp, line 796]
Event: 0.172 Thread 0x000002b5eea98460 Exception <a 'java/lang/NoSuchMethodError'{0x0000000718656980}: 'int java.lang.invoke.DirectMethodHandle$Holder.invokeInterface(java.lang.Object, java.lang.Object)'> (0x0000000718656980) 
thrown [s\open\src\hotspot\share\interpreter\linkResolver.cpp, line 796]
Event: 0.173 Thread 0x000002b5eea98460 Exception <a 'java/lang/IncompatibleClassChangeError'{0x0000000718659ba8}: Found class java.lang.Object, but interface was expected> (0x0000000718659ba8) 
thrown [s\open\src\hotspot\share\interpreter\linkResolver.cpp, line 863]
Event: 0.173 Thread 0x000002b5cce724e0 Exception <a 'sun/nio/fs/WindowsException'{0x0000000718718850}> (0x0000000718718850) 
thrown [s\open\src\hotspot\share\prims\jni.cpp, line 520]
Event: 0.173 Thread 0x000002b5cce724e0 Exception <a 'sun/nio/fs/WindowsException'{0x0000000718718da0}> (0x0000000718718da0) 
thrown [s\open\src\hotspot\share\prims\jni.cpp, line 520]
Event: 0.223 Thread 0x000002b5cce724e0 Exception <a 'sun/nio/fs/WindowsException'{0x000000071847d810}> (0x000000071847d810) 
thrown [s\open\src\hotspot\share\prims\jni.cpp, line 520]
Event: 0.223 Thread 0x000002b5cce724e0 Exception <a 'sun/nio/fs/WindowsException'{0x000000071847db70}> (0x000000071847db70) 
thrown [s\open\src\hotspot\share\prims\jni.cpp, line 520]
Event: 0.226 Thread 0x000002b5eea98460 Exception <a 'java/lang/NoSuchMethodError'{0x0000000718444e90}: 'void java.lang.invoke.DirectMethodHandle$Holder.invokeStatic(java.lang.Object, int, java.lang.Object)'> (0x0000000718444e90) 
thrown [s\open\src\hotspot\share\interpreter\linkResolver.cpp, line 796]
Event: 0.234 Thread 0x000002b5cce724e0 Exception <a 'java/lang/NoSuchMethodError'{0x00000007184c7728}: 'int java.lang.invoke.DirectMethodHandle$Holder.invokeStaticInit(java.lang.Object, java.lang.Object, int, long)'> (0x00000007184c7728) 
thrown [s\open\src\hotspot\share\interpreter\linkResolver.cpp, line 796]
Event: 0.235 Thread 0x000002b5cce724e0 Exception <a 'java/lang/NoSuchMethodError'{0x00000007184cc860}: 'java.lang.Object java.lang.invoke.DirectMethodHandle$Holder.newInvokeSpecial(java.lang.Object, java.lang.Object, int)'> (0x00000007184cc860) 
thrown [s\open\src\hotspot\share\interpreter\linkResolver.cpp, line 796]
Event: 0.237 Thread 0x000002b5cce724e0 Exception <a 'java/lang/NoSuchMethodError'{0x00000007184dabb8}: 'int java.lang.invoke.DirectMethodHandle$Holder.invokeStaticInit(java.lang.Object, java.lang.Object, long, long)'> (0x00000007184dabb8) 
thrown [s\open\src\hotspot\share\interpreter\linkResolver.cpp, line 796]
Event: 0.238 Thread 0x000002b5cce724e0 Exception <a 'java/lang/NoSuchMethodError'{0x00000007184e0118}: 'java.lang.Object java.lang.invoke.DirectMethodHandle$Holder.newInvokeSpecial(java.lang.Object, java.lang.Object, long)'> (0x00000007184e0118) 
thrown [s\open\src\hotspot\share\interpreter\linkResolver.cpp, line 796]
Event: 0.239 Thread 0x000002b5cce724e0 Exception <a 'java/lang/NoSuchMethodError'{0x00000007184e3a78}: 'java.lang.Object java.lang.invoke.Invokers$Holder.linkToTargetMethod(java.lang.Object, long, java.lang.Object)'> (0x00000007184e3a78) 
thrown [s\open\src\hotspot\share\interpreter\linkResolver.cpp, line 796]
Event: 0.240 Thread 0x000002b5cce724e0 Exception <a 'java/lang/NoSuchMethodError'{0x00000007184eaba0}: 'int java.lang.invoke.DirectMethodHandle$Holder.invokeStaticInit(java.lang.Object, java.lang.Object, java.lang.Object, long)'> (0x00000007184eaba0) 
thrown [s\open\src\hotspot\share\interpreter\linkResolver.cpp, line 796]

VM Operations (6 events):
Event: 0.074 Executing VM operation: HandshakeAllThreads (Deoptimize)
Event: 0.074 Executing VM operation: HandshakeAllThreads (Deoptimize) done
Event: 0.134 Executing VM operation: HandshakeAllThreads (Deoptimize)
Event: 0.134 Executing VM operation: HandshakeAllThreads (Deoptimize) done
Event: 0.164 Executing VM operation: HandshakeAllThreads (Deoptimize)
Event: 0.164 Executing VM operation: HandshakeAllThreads (Deoptimize) done

Memory protections (0 events):
No events

Nmethod flushes (0 events):
No events

Events (13 events):
Event: 0.023 Thread 0x000002b5cce724e0 Thread added: 0x000002b5cce724e0
Event: 0.040 Thread 0x000002b5cce724e0 Thread added: 0x000002b5eea943b0
Event: 0.040 Thread 0x000002b5cce724e0 Thread added: 0x000002b5eea94a20
Event: 0.041 Thread 0x000002b5cce724e0 Thread added: 0x000002b5eea97df0
Event: 0.041 Thread 0x000002b5cce724e0 Thread added: 0x000002b5eea98460
Event: 0.041 Thread 0x000002b5cce724e0 Thread added: 0x000002b5eea9ddf0
Event: 0.041 Thread 0x000002b5cce724e0 Thread added: 0x000002b5eeaa3160
Event: 0.041 Thread 0x000002b5cce724e0 Thread added: 0x000002b5eeaaf310
Event: 0.041 Thread 0x000002b5cce724e0 Thread added: 0x000002b5eeabca30
Event: 0.066 Thread 0x000002b5cce724e0 Thread added: 0x000002b5c50d4dc0
Event: 0.120 Thread 0x000002b5cce724e0 Thread added: 0x000002b5c52b6a10
Event: 0.120 Thread 0x000002b5cce724e0 Thread added: 0x000002b5c52bb8a0
Event: 0.212 Thread 0x000002b5eeabca30 Thread added: 0x000002b5eeabb5c0


Dynamic libraries:
0x00007ff7140b0000 - 0x00007ff7140be000 	C:\Users\keras\.jdks\openjdk-23.0.2\bin\java.exe
0x00007ffdd90a0000 - 0x00007ffdd9303000 	C:\WINDOWS\SYSTEM32\ntdll.dll
0x00007ffdd8db0000 - 0x00007ffdd8e77000 	C:\WINDOWS\System32\KERNEL32.DLL
0x00007ffdd6770000 - 0x00007ffdd6b37000 	C:\WINDOWS\System32\KERNELBASE.dll
0x00007ffdd6570000 - 0x00007ffdd66bc000 	C:\WINDOWS\System32\ucrtbase.dll
0x00007ffdc64d0000 - 0x00007ffdc64eb000 	C:\Users\keras\.jdks\openjdk-23.0.2\bin\VCRUNTIME140.dll
0x00007ffdbef80000 - 0x00007ffdbef97000 	C:\Users\keras\.jdks\openjdk-23.0.2\bin\jli.dll
0x00007ffdd8e90000 - 0x00007ffdd9059000 	C:\WINDOWS\System32\USER32.dll
0x00007ffdd6bd0000 - 0x00007ffdd6bf7000 	C:\WINDOWS\System32\win32u.dll
0x00007ffdd5590000 - 0x00007ffdd5820000 	C:\WINDOWS\WinSxS\amd64_microsoft.windows.common-controls_6595b64144ccf1df_6.0.26100.3037_none_3e09262ce333c378\COMCTL32.dll
0x00007ffdd8d30000 - 0x00007ffdd8d5a000 	C:\WINDOWS\System32\GDI32.dll
0x00007ffdd8c20000 - 0x00007ffdd8cc9000 	C:\WINDOWS\System32\msvcrt.dll
0x00007ffdd6440000 - 0x00007ffdd656b000 	C:\WINDOWS\System32\gdi32full.dll
0x00007ffdd66c0000 - 0x00007ffdd6763000 	C:\WINDOWS\System32\msvcp_win.dll
0x00007ffdd6ee0000 - 0x00007ffdd6f0f000 	C:\WINDOWS\System32\IMM32.DLL
0x00007ffdcba00000 - 0x00007ffdcba0c000 	C:\Users\keras\.jdks\openjdk-23.0.2\bin\vcruntime140_1.dll
0x00007ffd6a010000 - 0x00007ffd6a09e000 	C:\Users\keras\.jdks\openjdk-23.0.2\bin\msvcp140.dll
0x00007ffd5ee90000 - 0x00007ffd5fbe0000 	C:\Users\keras\.jdks\openjdk-23.0.2\bin\server\jvm.dll
0x00007ffdd74d0000 - 0x00007ffdd7584000 	C:\WINDOWS\System32\ADVAPI32.dll
0x00007ffdd8a10000 - 0x00007ffdd8ab6000 	C:\WINDOWS\System32\sechost.dll
0x00007ffdd6f20000 - 0x00007ffdd7036000 	C:\WINDOWS\System32\RPCRT4.dll
0x00007ffdd8910000 - 0x00007ffdd8984000 	C:\WINDOWS\System32\WS2_32.dll
0x00007ffdd6220000 - 0x00007ffdd626e000 	C:\WINDOWS\SYSTEM32\POWRPROF.dll
0x00007ffdce4b0000 - 0x00007ffdce4bb000 	C:\WINDOWS\SYSTEM32\VERSION.dll
0x00007ffdce470000 - 0x00007ffdce4a6000 	C:\WINDOWS\SYSTEM32\WINMM.dll
0x00007ffdd6200000 - 0x00007ffdd6214000 	C:\WINDOWS\SYSTEM32\UMPDC.dll
0x00007ffdd4900000 - 0x00007ffdd491a000 	C:\WINDOWS\SYSTEM32\kernel.appcore.dll
0x00007ffdc64a0000 - 0x00007ffdc64aa000 	C:\Users\keras\.jdks\openjdk-23.0.2\bin\jimage.dll
0x00007ffdd5d90000 - 0x00007ffdd5fd1000 	C:\WINDOWS\SYSTEM32\DBGHELP.DLL
0x00007ffdd77b0000 - 0x00007ffdd7b2e000 	C:\WINDOWS\System32\combase.dll
0x00007ffdd7b40000 - 0x00007ffdd7c16000 	C:\WINDOWS\System32\OLEAUT32.dll
0x00007ffd93180000 - 0x00007ffd931b9000 	C:\WINDOWS\SYSTEM32\dbgcore.DLL
0x00007ffdd6e40000 - 0x00007ffdd6ed9000 	C:\WINDOWS\System32\bcryptPrimitives.dll
0x00007ffdcba20000 - 0x00007ffdcba2f000 	C:\Users\keras\.jdks\openjdk-23.0.2\bin\instrument.dll
0x00007ffdbe460000 - 0x00007ffdbe47e000 	C:\Users\keras\.jdks\openjdk-23.0.2\bin\java.dll
0x00007ffdd7d80000 - 0x00007ffdd7f15000 	C:\WINDOWS\System32\ole32.dll
0x00007ffdd7f20000 - 0x00007ffdd8624000 	C:\WINDOWS\System32\SHELL32.dll
0x00007ffdd36b0000 - 0x00007ffdd3ee7000 	C:\WINDOWS\SYSTEM32\windows.storage.dll
0x00007ffdd7c20000 - 0x00007ffdd7d09000 	C:\WINDOWS\System32\SHCORE.dll
0x00007ffdd8cd0000 - 0x00007ffdd8d2d000 	C:\WINDOWS\System32\shlwapi.dll
0x00007ffdd6350000 - 0x00007ffdd637e000 	C:\WINDOWS\SYSTEM32\profapi.dll
0x00007ffd69f30000 - 0x00007ffd6a007000 	C:\Users\keras\.jdks\openjdk-23.0.2\bin\jsvml.dll
0x00007ffd8eeb0000 - 0x00007ffd8eec7000 	C:\Users\keras\.jdks\openjdk-23.0.2\bin\zip.dll
0x00007ffdc6060000 - 0x00007ffdc6070000 	C:\Users\keras\.jdks\openjdk-23.0.2\bin\net.dll
0x00007ffdd4db0000 - 0x00007ffdd4e1a000 	C:\WINDOWS\system32\mswsock.dll
0x00007ffdae560000 - 0x00007ffdae576000 	C:\Users\keras\.jdks\openjdk-23.0.2\bin\nio.dll
0x00007ffdbed00000 - 0x00007ffdbed1a000 	D:\IntelliJ IDEA 2024.3.3\bin\breakgen64.dll
0x00007ffdc30a0000 - 0x00007ffdc30a9000 	C:\Users\keras\.jdks\openjdk-23.0.2\bin\extnet.dll
0x00007ffdd4340000 - 0x00007ffdd4465000 	C:\WINDOWS\SYSTEM32\DNSAPI.dll
0x00007ffdd4300000 - 0x00007ffdd4332000 	C:\WINDOWS\SYSTEM32\IPHLPAPI.DLL
0x00007ffdd7d10000 - 0x00007ffdd7d1a000 	C:\WINDOWS\System32\NSI.dll
0x00007ffdcb490000 - 0x00007ffdcb49b000 	C:\Windows\System32\rasadhlp.dll
0x00007ffdcf360000 - 0x00007ffdcf3e5000 	C:\WINDOWS\System32\fwpuclnt.dll
0x00007ffdbe520000 - 0x00007ffdbe52a000 	C:\Users\keras\.jdks\openjdk-23.0.2\bin\management.dll
0x00007ffdbe510000 - 0x00007ffdbe51b000 	C:\Users\keras\.jdks\openjdk-23.0.2\bin\management_ext.dll
0x00007ffdd8e80000 - 0x00007ffdd8e88000 	C:\WINDOWS\System32\PSAPI.DLL
0x00007ffd7de10000 - 0x00007ffd7de8a000 	C:\Users\keras\AppData\Local\Temp\lwjgl_keras\3.3.2+13\x64\lwjgl.dll
0x00007ffd70420000 - 0x00007ffd704a2000 	C:\Users\keras\AppData\Local\Temp\lwjgl_keras\3.3.2+13\x64\glfw.dll
0x00007ffd93b00000 - 0x00007ffd93b4b000 	C:\WINDOWS\SYSTEM32\dinput8.dll
0x00007ffdbe4a0000 - 0x00007ffdbe4b2000 	C:\WINDOWS\SYSTEM32\xinput1_4.dll
0x00007ffdd6000000 - 0x00007ffdd605f000 	C:\WINDOWS\SYSTEM32\cfgmgr32.dll
0x00007ffdd6070000 - 0x00007ffdd609d000 	C:\WINDOWS\SYSTEM32\DEVOBJ.dll
0x00007ffdd3030000 - 0x00007ffdd305e000 	C:\WINDOWS\SYSTEM32\dwmapi.dll
0x00007ffdb6380000 - 0x00007ffdb655e000 	C:\WINDOWS\SYSTEM32\inputhost.dll
0x00007ffdd20d0000 - 0x00007ffdd21f6000 	C:\WINDOWS\SYSTEM32\CoreMessaging.dll
0x00007ffdd2870000 - 0x00007ffdd291d000 	C:\WINDOWS\system32\uxtheme.dll
0x00007ffdd5280000 - 0x00007ffdd528c000 	C:\WINDOWS\SYSTEM32\CRYPTBASE.DLL
0x00007ffdd8ac0000 - 0x00007ffdd8c1c000 	C:\WINDOWS\System32\MSCTF.dll
0x00007ffdd5fe0000 - 0x00007ffdd5ffc000 	C:\WINDOWS\SYSTEM32\CRYPTSP.dll
0x00007ffdd5290000 - 0x00007ffdd52c8000 	C:\WINDOWS\system32\rsaenh.dll
0x00007ffdd4e20000 - 0x00007ffdd4e4b000 	C:\WINDOWS\SYSTEM32\USERENV.dll
0x00007ffdd5c00000 - 0x00007ffdd5c26000 	C:\WINDOWS\SYSTEM32\bcrypt.dll
0x00007ffd9dd50000 - 0x00007ffd9dd68000 	C:\WINDOWS\system32\napinsp.dll
0x00007ffd9dc20000 - 0x00007ffd9dc32000 	C:\WINDOWS\System32\winrnr.dll
0x00007ffd9dbf0000 - 0x00007ffd9dc12000 	C:\WINDOWS\system32\nlansp_c.dll
0x00007ffdca2f0000 - 0x00007ffdca306000 	C:\WINDOWS\system32\wshbth.dll

dbghelp: loaded successfully - version: 4.0.5 - missing functions: none
symbol engine: initialized successfully - sym options: 0x614 - pdb path: .;C:\Users\keras\.jdks\openjdk-23.0.2\bin;C:\WINDOWS\SYSTEM32;C:\WINDOWS\WinSxS\amd64_microsoft.windows.common-controls_6595b64144ccf1df_6.0.26100.3037_none_3e09262ce333c378;C:\Users\keras\.jdks\openjdk-23.0.2\bin\server;D:\IntelliJ IDEA 2024.3.3\bin;C:\Users\keras\AppData\Local\Temp\lwjgl_keras\3.3.2+13\x64

VM Arguments:
jvm_args: -javaagent:D:\IntelliJ IDEA 2024.3.3\lib\idea_rt.jar=57414:D:\IntelliJ IDEA 2024.3.3\bin -Dfile.encoding=UTF-8 -Dsun.stdout.encoding=UTF-8 -Dsun.stderr.encoding=UTF-8 
java_command: com.keras1n.test.Launcher
java_class_path (initial): C:\Users\keras\Desktop\JGame\target\classes;C:\Users\keras\.m2\repository\org\lwjgl\lwjgl\3.3.2\lwjgl-3.3.2.jar;C:\Users\keras\.m2\repository\org\lwjgl\lwjgl-glfw\3.3.2\lwjgl-glfw-3.3.2.jar;C:\Users\keras\.m2\repository\org\lwjgl\lwjgl-opengl\3.3.2\lwjgl-opengl-3.3.2.jar;C:\Users\keras\.m2\repository\org\lwjgl\lwjgl\3.3.2\lwjgl-3.3.2-natives-windows.jar;C:\Users\keras\.m2\repository\org\lwjgl\lwjgl-glfw\3.3.2\lwjgl-glfw-3.3.2-natives-windows.jar;C:\Users\keras\.m2\repository\org\lwjgl\lwjgl-opengl\3.3.2\lwjgl-opengl-3.3.2-natives-windows.jar
Launcher Type: SUN_STANDARD

[Global flags]
     intx CICompilerCount                          = 4                                         {product} {ergonomic}
     uint ConcGCThreads                            = 3                                         {product} {ergonomic}
     uint G1ConcRefinementThreads                  = 10                                        {product} {ergonomic}
   size_t G1HeapRegionSize                         = 2097152                                   {product} {ergonomic}
   size_t InitialHeapSize                          = 260046848                                 {product} {ergonomic}
   size_t MarkStackSize                            = 4194304                                   {product} {ergonomic}
   size_t MarkStackSizeMax                         = 536870912                                 {product} {ergonomic}
   size_t MaxHeapSize                              = 4139778048                                {product} {ergonomic}
   size_t MaxNewSize                               = 2483027968                                {product} {ergonomic}
   size_t MinHeapDeltaBytes                        = 2097152                                   {product} {ergonomic}
   size_t MinHeapSize                              = 8388608                                   {product} {ergonomic}
    uintx NonNMethodCodeHeapSize                   = 5832704                                {pd product} {ergonomic}
    uintx NonProfiledCodeHeapSize                  = 122945536                              {pd product} {ergonomic}
    uintx ProfiledCodeHeapSize                     = 122880000                              {pd product} {ergonomic}
    uintx ReservedCodeCacheSize                    = 251658240                              {pd product} {ergonomic}
     bool SegmentedCodeCache                       = true                                      {product} {ergonomic}
   size_t SoftMaxHeapSize                          = 4139778048                             {manageable} {ergonomic}
     bool UseCompressedOops                        = true                           {product lp64_product} {ergonomic}
     bool UseG1GC                                  = true                                      {product} {ergonomic}
     bool UseLargePagesIndividualAllocation        = false                                  {pd product} {ergonomic}

Logging:
Log output configuration:
 #0: stdout all=warning uptime,level,tags foldmultilines=false
 #1: stderr all=off uptime,level,tags foldmultilines=false

Environment Variables:
JAVA_HOME=C:\Program Files\Eclipse Adoptium\jdk-17.0.14.7-hotspot\
PATH=C:\Program Files\Eclipse Adoptium\jdk-17.0.14.7-hotspot\bin;C:\Program Files (x86)\Common Files\Oracle\Java\java8path;C:\Program Files (x86)\Common Files\Oracle\Java\javapath;C:\WINDOWS\system32;C:\WINDOWS;C:\WINDOWS\System32\Wbem;C:\WINDOWS\System32\WindowsPowerShell\v1.0\;C:\WINDOWS\System32\OpenSSH\;C:\Program Files (x86)\NVIDIA Corporation\PhysX\Common;C:\Program Files\dotnet\;C:\Program Files\NVIDIA Corporation\NVIDIA app\NvDLISR;C:\Program Files\Java\jre-1.8\bin\javaw.exe;C:\Program Files\Java\jre-1.8\bin;C:\Program Files\nodejs\;C:\Program Files\Git\cmd;C:\Program Files\Docker\Docker\resources\bin;C:\Users\keras\AppData\Local\Programs\Python\Launcher\;C:\Users\keras\AppData\Local\Microsoft\WindowsApps;C:\Users\keras\AppData\Local\Programs\Microsoft VS Code\bin;D:\ffmpeg;C:\Users\keras\AppData\Local\Muse Hub\lib;C:\Users\keras\AppData\Roaming\npm;C:\Program Files\nodejs;D:\xampp2\php;D:\VS Code\bin
USERNAME=keras
OS=Windows_NT
PROCESSOR_IDENTIFIER=AMD64 Family 23 Model 96 Stepping 1, AuthenticAMD
TMP=C:\Users\keras\AppData\Local\Temp
TEMP=C:\Users\keras\AppData\Local\Temp




Periodic native trim disabled

---------------  S Y S T E M  ---------------

OS:
 Windows 11 , 64 bit Build 26100 (10.0.26100.3037)
OS uptime: 0 days 10:07 hours
Hyper-V role detected

CPU: total 12 (initial active 12) (12 cores per cpu, 2 threads per core) family 23 model 96 stepping 1 microcode 0x8600106, cx8, cmov, fxsr, ht, mmx, 3dnowpref, sse, sse2, sse3, ssse3, sse4a, sse4.1, sse4.2, popcnt, lzcnt, tsc, tscinvbit, avx, avx2, aes, clmul, bmi1, bmi2, adx, sha, fma, vzeroupper, clflush, clflushopt, hv, rdtscp, rdpid, f16c
Processor Information for the first 12 processors :
  Max Mhz: 3001, Current Mhz: 3001, Mhz Limit: 3001

Memory: 4k page, system-wide physical 15789M (2533M free)
TotalPageFile size 31579M (AvailPageFile size 3587M)
current process WorkingSet (physical memory assigned to process): 77M, peak: 78M
current process commit charge ("private bytes"): 356M, peak: 357M

vm_info: OpenJDK 64-Bit Server VM (23.0.2+7-58) for windows-amd64 JRE (23.0.2+7-58), built on 2024-11-29T09:34:55Z with MS VC++ 17.6 (VS2022)

END.
